{"/home/david/mqlobber/index.js":{"path":"/home/david/mqlobber/index.js","s":{"1":1,"2":1},"b":{},"f":{},"fnMap":{},"statementMap":{"1":{"start":{"line":3,"column":0},"end":{"line":3,"column":64}},"2":{"start":{"line":4,"column":0},"end":{"line":4,"column":64}}},"branchMap":{}},"/home/david/mqlobber/lib/client.js":{"path":"/home/david/mqlobber/lib/client.js","s":{"1":1,"2":1,"3":1880,"4":1880,"5":1880,"6":1880,"7":1880,"8":1880,"9":1880,"10":1,"11":4,"12":1,"13":35,"14":4,"15":1880,"16":1880,"17":61338,"18":61344,"19":61338,"20":6,"21":1880,"22":1880,"23":501694,"24":2,"25":1880,"26":1878,"27":1880,"28":1880,"29":1880,"30":1,"31":6,"32":1880,"33":1880,"34":1880,"35":1880,"36":1880,"37":1880,"38":495709,"39":1874,"40":1874,"41":493835,"42":53472,"43":440363,"44":440363,"45":440363,"46":4,"47":440359,"48":440359,"49":440359,"50":440357,"51":440357,"52":2,"53":440355,"54":440357,"55":440357,"56":440357,"57":16133,"58":1,"59":134235,"60":51488,"61":82747,"62":82747,"63":13,"64":82747,"65":16131,"66":16131,"67":16131,"68":440357,"69":440357,"70":2,"71":440355,"72":491959,"73":491959,"74":16131,"75":1,"76":1,"77":3588,"78":3588,"79":2,"80":1,"81":3588,"82":3578,"83":3578,"84":3306,"85":3306,"86":3578,"87":3578,"88":3588,"89":3582,"90":3582,"91":3582,"92":6,"93":2,"94":3586,"95":8,"96":3578,"97":1,"98":2,"99":3578,"100":3578,"101":3578,"102":3578,"103":3578,"104":3576,"105":3576,"106":2,"107":3574,"108":4,"109":3570,"110":1,"111":1700,"112":268,"113":268,"114":268,"115":1700,"116":1700,"117":2,"118":1,"119":1700,"120":1692,"121":1692,"122":1692,"123":8,"124":4,"125":1698,"126":270,"127":270,"128":266,"129":266,"130":270,"131":270,"132":2,"133":268,"134":1428,"135":1428,"136":1422,"137":1422,"138":268,"139":144,"140":124,"141":268,"142":258,"143":1422,"144":1428,"145":1428,"146":1428,"147":1164,"148":264,"149":532,"150":1,"151":2,"152":532,"153":532,"154":532,"155":532,"156":532,"157":530,"158":530,"159":2,"160":528,"161":6,"162":522,"163":1,"164":55344,"165":23592,"166":23592,"167":55344,"168":2,"169":55342,"170":55342,"171":55342,"172":55342,"173":55342,"174":9114,"175":9114,"176":55342,"177":55342,"178":1,"179":5986,"180":55342,"181":55342,"182":55342,"183":1,"184":55344,"185":50292,"186":50292,"187":50292,"188":5052,"189":2,"190":55342,"191":49356,"192":49356,"193":2,"194":49354,"195":10,"196":49344,"197":55342,"198":1},"b":{"1":[1880,1880],"2":[4,31],"3":[61338,6],"4":[2,501692],"5":[1874,493835],"6":[53472,440363],"7":[4,440359],"8":[440357,2],"9":[2,440355],"10":[16133,424224],"11":[51488,82747],"12":[13,82734],"13":[16131,66616],"14":[13,16118],"15":[2,440355],"16":[16131,475828],"17":[2,3586],"18":[3578,10],"19":[3306,272],"20":[3582,6],"21":[2,4],"22":[8,3578],"23":[2,3574],"24":[4,3570],"25":[268,1432],"26":[2,1698],"27":[1692,8],"28":[4,4],"29":[270,1428],"30":[266,4],"31":[2,268],"32":[1422,6],"33":[268,1154],"34":[144,124],"35":[258,10],"36":[1164,264],"37":[1428,274,124,116],"38":[2,528],"39":[6,522],"40":[23592,31752],"41":[2,55342],"42":[55342,28638],"43":[17592,37750],"44":[9114,46228],"45":[9114,46228],"46":[50292,5052],"47":[2,5050],"48":[2,49354],"49":[10,49344]},"f":{"1":1880,"2":4,"3":35,"4":61338,"5":501694,"6":1878,"7":1880,"8":6,"9":1880,"10":495709,"11":134235,"12":3588,"13":3588,"14":2,"15":3576,"16":1700,"17":1700,"18":270,"19":1428,"20":2,"21":530,"22":55344,"23":5986,"24":55344,"25":49356},"fnMap":{"1":{"name":"MQlobberClient","line":213,"loc":{"start":{"line":213,"column":0},"end":{"line":214,"column":0}}},"2":{"name":"error","line":226,"loc":{"start":{"line":226,"column":4},"end":{"line":227,"column":4}}},"3":{"name":"warning","line":232,"loc":{"start":{"line":232,"column":4},"end":{"line":233,"column":4}}},"4":{"name":"(anonymous_4)","line":242,"loc":{"start":{"line":242,"column":28},"end":{"line":243,"column":4}}},"5":{"name":"(anonymous_5)","line":257,"loc":{"start":{"line":257,"column":34},"end":{"line":258,"column":4}}},"6":{"name":"(anonymous_6)","line":265,"loc":{"start":{"line":265,"column":26},"end":{"line":266,"column":4}}},"7":{"name":"(anonymous_7)","line":270,"loc":{"start":{"line":270,"column":23},"end":{"line":271,"column":4}}},"8":{"name":"end","line":277,"loc":{"start":{"line":277,"column":4},"end":{"line":278,"column":4}}},"9":{"name":"(anonymous_9)","line":286,"loc":{"start":{"line":286,"column":17},"end":{"line":287,"column":4}}},"10":{"name":"(anonymous_10)","line":291,"loc":{"start":{"line":291,"column":29},"end":{"line":292,"column":4}}},"11":{"name":"done","line":341,"loc":{"start":{"line":341,"column":8},"end":{"line":342,"column":8}}},"12":{"name":"(anonymous_12)","line":420,"loc":{"start":{"line":420,"column":37},"end":{"line":421,"column":0}}},"13":{"name":"done","line":429,"loc":{"start":{"line":429,"column":4},"end":{"line":430,"column":4}}},"14":{"name":"end","line":468,"loc":{"start":{"line":468,"column":4},"end":{"line":469,"column":4}}},"15":{"name":"(anonymous_15)","line":478,"loc":{"start":{"line":478,"column":27},"end":{"line":479,"column":4}}},"16":{"name":"(anonymous_16)","line":516,"loc":{"start":{"line":516,"column":39},"end":{"line":517,"column":0}}},"17":{"name":"done2","line":532,"loc":{"start":{"line":532,"column":4},"end":{"line":533,"column":4}}},"18":{"name":"(anonymous_18)","line":548,"loc":{"start":{"line":548,"column":15},"end":{"line":549,"column":8}}},"19":{"name":"(anonymous_19)","line":568,"loc":{"start":{"line":568,"column":15},"end":{"line":569,"column":8}}},"20":{"name":"end","line":612,"loc":{"start":{"line":612,"column":4},"end":{"line":613,"column":4}}},"21":{"name":"(anonymous_21)","line":622,"loc":{"start":{"line":622,"column":27},"end":{"line":623,"column":4}}},"22":{"name":"(anonymous_22)","line":666,"loc":{"start":{"line":666,"column":35},"end":{"line":667,"column":0}}},"23":{"name":"end","line":700,"loc":{"start":{"line":700,"column":4},"end":{"line":701,"column":4}}},"24":{"name":"done","line":709,"loc":{"start":{"line":709,"column":4},"end":{"line":710,"column":4}}},"25":{"name":"(anonymous_25)","line":723,"loc":{"start":{"line":723,"column":27},"end":{"line":724,"column":4}}}},"statementMap":{"1":{"start":{"line":181,"column":0},"end":{"line":188,"column":21}},"2":{"start":{"line":213,"column":0},"end":{"line":378,"column":1}},"3":{"start":{"line":215,"column":4},"end":{"line":215,"column":28}},"4":{"start":{"line":217,"column":4},"end":{"line":217,"column":28}},"5":{"start":{"line":219,"column":4},"end":{"line":219,"column":27}},"6":{"start":{"line":220,"column":4},"end":{"line":220,"column":46}},"7":{"start":{"line":221,"column":4},"end":{"line":221,"column":42}},"8":{"start":{"line":222,"column":4},"end":{"line":222,"column":23}},"9":{"start":{"line":224,"column":4},"end":{"line":224,"column":19}},"10":{"start":{"line":226,"column":4},"end":{"line":230,"column":5}},"11":{"start":{"line":229,"column":8},"end":{"line":229,"column":37}},"12":{"start":{"line":232,"column":4},"end":{"line":239,"column":5}},"13":{"start":{"line":235,"column":8},"end":{"line":238,"column":9}},"14":{"start":{"line":237,"column":12},"end":{"line":237,"column":31}},"15":{"start":{"line":240,"column":4},"end":{"line":240,"column":28}},"16":{"start":{"line":242,"column":4},"end":{"line":253,"column":6}},"17":{"start":{"line":244,"column":8},"end":{"line":252,"column":9}},"18":{"start":{"line":246,"column":12},"end":{"line":249,"column":13}},"19":{"start":{"line":248,"column":16},"end":{"line":248,"column":22}},"20":{"start":{"line":251,"column":12},"end":{"line":251,"column":61}},"21":{"start":{"line":255,"column":4},"end":{"line":255,"column":32}},"22":{"start":{"line":257,"column":4},"end":{"line":263,"column":7}},"23":{"start":{"line":259,"column":8},"end":{"line":262,"column":9}},"24":{"start":{"line":261,"column":12},"end":{"line":261,"column":32}},"25":{"start":{"line":265,"column":4},"end":{"line":268,"column":7}},"26":{"start":{"line":267,"column":8},"end":{"line":267,"column":25}},"27":{"start":{"line":270,"column":4},"end":{"line":273,"column":7}},"28":{"start":{"line":272,"column":8},"end":{"line":272,"column":26}},"29":{"start":{"line":275,"column":4},"end":{"line":275,"column":80}},"30":{"start":{"line":277,"column":4},"end":{"line":280,"column":5}},"31":{"start":{"line":279,"column":8},"end":{"line":279,"column":64}},"32":{"start":{"line":282,"column":4},"end":{"line":282,"column":26}},"33":{"start":{"line":283,"column":4},"end":{"line":283,"column":32}},"34":{"start":{"line":284,"column":4},"end":{"line":284,"column":49}},"35":{"start":{"line":286,"column":4},"end":{"line":289,"column":7}},"36":{"start":{"line":288,"column":8},"end":{"line":288,"column":21}},"37":{"start":{"line":291,"column":4},"end":{"line":377,"column":7}},"38":{"start":{"line":293,"column":8},"end":{"line":297,"column":9}},"39":{"start":{"line":295,"column":12},"end":{"line":295,"column":46}},"40":{"start":{"line":296,"column":12},"end":{"line":296,"column":48}},"41":{"start":{"line":299,"column":8},"end":{"line":303,"column":9}},"42":{"start":{"line":302,"column":12},"end":{"line":302,"column":19}},"43":{"start":{"line":305,"column":8},"end":{"line":305,"column":35}},"44":{"start":{"line":306,"column":8},"end":{"line":306,"column":20}},"45":{"start":{"line":308,"column":8},"end":{"line":311,"column":9}},"46":{"start":{"line":310,"column":12},"end":{"line":310,"column":70}},"47":{"start":{"line":313,"column":8},"end":{"line":316,"column":18}},"48":{"start":{"line":318,"column":8},"end":{"line":318,"column":36}},"49":{"start":{"line":320,"column":8},"end":{"line":331,"column":9}},"50":{"start":{"line":322,"column":12},"end":{"line":322,"column":21}},"51":{"start":{"line":324,"column":12},"end":{"line":327,"column":13}},"52":{"start":{"line":326,"column":16},"end":{"line":326,"column":74}},"53":{"start":{"line":329,"column":12},"end":{"line":330,"column":55}},"54":{"start":{"line":333,"column":8},"end":{"line":333,"column":49}},"55":{"start":{"line":335,"column":8},"end":{"line":335,"column":38}},"56":{"start":{"line":336,"column":8},"end":{"line":339,"column":9}},"57":{"start":{"line":338,"column":12},"end":{"line":338,"column":32}},"58":{"start":{"line":341,"column":8},"end":{"line":360,"column":9}},"59":{"start":{"line":343,"column":12},"end":{"line":346,"column":13}},"60":{"start":{"line":345,"column":16},"end":{"line":345,"column":23}},"61":{"start":{"line":347,"column":12},"end":{"line":347,"column":26}},"62":{"start":{"line":349,"column":12},"end":{"line":352,"column":13}},"63":{"start":{"line":351,"column":16},"end":{"line":351,"column":41}},"64":{"start":{"line":354,"column":12},"end":{"line":359,"column":13}},"65":{"start":{"line":356,"column":16},"end":{"line":356,"column":42}},"66":{"start":{"line":357,"column":16},"end":{"line":357,"column":46}},"67":{"start":{"line":358,"column":16},"end":{"line":358,"column":33}},"68":{"start":{"line":362,"column":8},"end":{"line":362,"column":54}},"69":{"start":{"line":364,"column":8},"end":{"line":367,"column":9}},"70":{"start":{"line":366,"column":12},"end":{"line":366,"column":50}},"71":{"start":{"line":369,"column":8},"end":{"line":376,"column":9}},"72":{"start":{"line":371,"column":12},"end":{"line":371,"column":49}},"73":{"start":{"line":372,"column":12},"end":{"line":375,"column":13}},"74":{"start":{"line":374,"column":16},"end":{"line":374,"column":22}},"75":{"start":{"line":380,"column":0},"end":{"line":380,"column":44}},"76":{"start":{"line":420,"column":0},"end":{"line":494,"column":2}},"77":{"start":{"line":422,"column":4},"end":{"line":422,"column":27}},"78":{"start":{"line":424,"column":4},"end":{"line":427,"column":5}},"79":{"start":{"line":426,"column":8},"end":{"line":426,"column":43}},"80":{"start":{"line":429,"column":4},"end":{"line":455,"column":5}},"81":{"start":{"line":431,"column":8},"end":{"line":443,"column":9}},"82":{"start":{"line":433,"column":12},"end":{"line":433,"column":48}},"83":{"start":{"line":435,"column":12},"end":{"line":439,"column":13}},"84":{"start":{"line":437,"column":16},"end":{"line":437,"column":37}},"85":{"start":{"line":438,"column":16},"end":{"line":438,"column":47}},"86":{"start":{"line":441,"column":12},"end":{"line":441,"column":34}},"87":{"start":{"line":442,"column":12},"end":{"line":442,"column":45}},"88":{"start":{"line":445,"column":8},"end":{"line":454,"column":9}},"89":{"start":{"line":447,"column":12},"end":{"line":447,"column":25}},"90":{"start":{"line":448,"column":12},"end":{"line":448,"column":22}},"91":{"start":{"line":449,"column":12},"end":{"line":449,"column":29}},"92":{"start":{"line":451,"column":13},"end":{"line":454,"column":9}},"93":{"start":{"line":453,"column":12},"end":{"line":453,"column":43}},"94":{"start":{"line":457,"column":4},"end":{"line":460,"column":5}},"95":{"start":{"line":459,"column":8},"end":{"line":459,"column":22}},"96":{"start":{"line":462,"column":4},"end":{"line":466,"column":7}},"97":{"start":{"line":468,"column":4},"end":{"line":471,"column":5}},"98":{"start":{"line":470,"column":8},"end":{"line":470,"column":51}},"99":{"start":{"line":473,"column":4},"end":{"line":473,"column":26}},"100":{"start":{"line":474,"column":4},"end":{"line":474,"column":29}},"101":{"start":{"line":475,"column":4},"end":{"line":475,"column":49}},"102":{"start":{"line":476,"column":4},"end":{"line":476,"column":17}},"103":{"start":{"line":478,"column":4},"end":{"line":493,"column":7}},"104":{"start":{"line":480,"column":8},"end":{"line":480,"column":40}},"105":{"start":{"line":482,"column":8},"end":{"line":485,"column":9}},"106":{"start":{"line":484,"column":12},"end":{"line":484,"column":55}},"107":{"start":{"line":487,"column":8},"end":{"line":490,"column":9}},"108":{"start":{"line":489,"column":12},"end":{"line":489,"column":51}},"109":{"start":{"line":492,"column":8},"end":{"line":492,"column":15}},"110":{"start":{"line":516,"column":0},"end":{"line":638,"column":2}},"111":{"start":{"line":518,"column":4},"end":{"line":523,"column":5}},"112":{"start":{"line":520,"column":8},"end":{"line":520,"column":19}},"113":{"start":{"line":521,"column":8},"end":{"line":521,"column":26}},"114":{"start":{"line":522,"column":8},"end":{"line":522,"column":28}},"115":{"start":{"line":525,"column":4},"end":{"line":525,"column":40}},"116":{"start":{"line":527,"column":4},"end":{"line":530,"column":5}},"117":{"start":{"line":529,"column":8},"end":{"line":529,"column":44}},"118":{"start":{"line":532,"column":4},"end":{"line":544,"column":5}},"119":{"start":{"line":534,"column":8},"end":{"line":543,"column":9}},"120":{"start":{"line":536,"column":12},"end":{"line":536,"column":25}},"121":{"start":{"line":537,"column":12},"end":{"line":537,"column":22}},"122":{"start":{"line":538,"column":12},"end":{"line":538,"column":29}},"123":{"start":{"line":540,"column":13},"end":{"line":543,"column":9}},"124":{"start":{"line":542,"column":12},"end":{"line":542,"column":43}},"125":{"start":{"line":546,"column":4},"end":{"line":608,"column":5}},"126":{"start":{"line":548,"column":8},"end":{"line":557,"column":10}},"127":{"start":{"line":550,"column":12},"end":{"line":554,"column":13}},"128":{"start":{"line":552,"column":16},"end":{"line":552,"column":34}},"129":{"start":{"line":553,"column":16},"end":{"line":553,"column":37}},"130":{"start":{"line":556,"column":12},"end":{"line":556,"column":23}},"131":{"start":{"line":559,"column":8},"end":{"line":562,"column":9}},"132":{"start":{"line":561,"column":12},"end":{"line":561,"column":26}},"133":{"start":{"line":564,"column":8},"end":{"line":564,"column":51}},"134":{"start":{"line":568,"column":8},"end":{"line":595,"column":10}},"135":{"start":{"line":570,"column":12},"end":{"line":592,"column":13}},"136":{"start":{"line":572,"column":16},"end":{"line":572,"column":52}},"137":{"start":{"line":574,"column":16},"end":{"line":589,"column":17}},"138":{"start":{"line":576,"column":20},"end":{"line":583,"column":21}},"139":{"start":{"line":578,"column":24},"end":{"line":578,"column":41}},"140":{"start":{"line":582,"column":24},"end":{"line":582,"column":49}},"141":{"start":{"line":585,"column":20},"end":{"line":588,"column":21}},"142":{"start":{"line":587,"column":24},"end":{"line":587,"column":48}},"143":{"start":{"line":591,"column":16},"end":{"line":591,"column":52}},"144":{"start":{"line":594,"column":12},"end":{"line":594,"column":23}},"145":{"start":{"line":597,"column":8},"end":{"line":597,"column":45}},"146":{"start":{"line":599,"column":8},"end":{"line":604,"column":9}},"147":{"start":{"line":603,"column":12},"end":{"line":603,"column":26}},"148":{"start":{"line":606,"column":8},"end":{"line":607,"column":59}},"149":{"start":{"line":610,"column":4},"end":{"line":610,"column":59}},"150":{"start":{"line":612,"column":4},"end":{"line":615,"column":5}},"151":{"start":{"line":614,"column":8},"end":{"line":614,"column":51}},"152":{"start":{"line":617,"column":4},"end":{"line":617,"column":26}},"153":{"start":{"line":618,"column":4},"end":{"line":618,"column":29}},"154":{"start":{"line":619,"column":4},"end":{"line":619,"column":49}},"155":{"start":{"line":620,"column":4},"end":{"line":620,"column":17}},"156":{"start":{"line":622,"column":4},"end":{"line":637,"column":7}},"157":{"start":{"line":624,"column":8},"end":{"line":624,"column":40}},"158":{"start":{"line":626,"column":8},"end":{"line":629,"column":9}},"159":{"start":{"line":628,"column":12},"end":{"line":628,"column":55}},"160":{"start":{"line":631,"column":8},"end":{"line":634,"column":9}},"161":{"start":{"line":633,"column":12},"end":{"line":633,"column":51}},"162":{"start":{"line":636,"column":8},"end":{"line":636,"column":15}},"163":{"start":{"line":666,"column":0},"end":{"line":741,"column":2}},"164":{"start":{"line":668,"column":4},"end":{"line":672,"column":5}},"165":{"start":{"line":670,"column":8},"end":{"line":670,"column":21}},"166":{"start":{"line":671,"column":8},"end":{"line":671,"column":28}},"167":{"start":{"line":674,"column":4},"end":{"line":677,"column":5}},"168":{"start":{"line":676,"column":8},"end":{"line":676,"column":43}},"169":{"start":{"line":679,"column":4},"end":{"line":679,"column":28}},"170":{"start":{"line":681,"column":4},"end":{"line":681,"column":32}},"171":{"start":{"line":683,"column":4},"end":{"line":683,"column":41}},"172":{"start":{"line":685,"column":4},"end":{"line":687,"column":27}},"173":{"start":{"line":689,"column":4},"end":{"line":693,"column":5}},"174":{"start":{"line":691,"column":8},"end":{"line":691,"column":34}},"175":{"start":{"line":692,"column":8},"end":{"line":692,"column":53}},"176":{"start":{"line":695,"column":4},"end":{"line":695,"column":42}},"177":{"start":{"line":697,"column":4},"end":{"line":698,"column":78}},"178":{"start":{"line":700,"column":4},"end":{"line":703,"column":5}},"179":{"start":{"line":702,"column":8},"end":{"line":702,"column":51}},"180":{"start":{"line":705,"column":4},"end":{"line":705,"column":26}},"181":{"start":{"line":706,"column":4},"end":{"line":706,"column":29}},"182":{"start":{"line":707,"column":4},"end":{"line":707,"column":49}},"183":{"start":{"line":709,"column":4},"end":{"line":721,"column":5}},"184":{"start":{"line":711,"column":8},"end":{"line":720,"column":9}},"185":{"start":{"line":713,"column":12},"end":{"line":713,"column":25}},"186":{"start":{"line":714,"column":12},"end":{"line":714,"column":22}},"187":{"start":{"line":715,"column":12},"end":{"line":715,"column":29}},"188":{"start":{"line":717,"column":13},"end":{"line":720,"column":9}},"189":{"start":{"line":719,"column":12},"end":{"line":719,"column":43}},"190":{"start":{"line":723,"column":4},"end":{"line":738,"column":7}},"191":{"start":{"line":725,"column":8},"end":{"line":725,"column":40}},"192":{"start":{"line":727,"column":8},"end":{"line":730,"column":9}},"193":{"start":{"line":729,"column":12},"end":{"line":729,"column":55}},"194":{"start":{"line":732,"column":8},"end":{"line":735,"column":9}},"195":{"start":{"line":734,"column":12},"end":{"line":734,"column":51}},"196":{"start":{"line":737,"column":8},"end":{"line":737,"column":15}},"197":{"start":{"line":740,"column":4},"end":{"line":740,"column":18}},"198":{"start":{"line":743,"column":0},"end":{"line":743,"column":40}}},"branchMap":{"1":{"line":217,"type":"binary-expr","locations":[{"start":{"line":217,"column":14},"end":{"line":217,"column":21}},{"start":{"line":217,"column":25},"end":{"line":217,"column":27}}]},"2":{"line":235,"type":"if","locations":[{"start":{"line":235,"column":8},"end":{"line":235,"column":8}},{"start":{"line":235,"column":8},"end":{"line":235,"column":8}}]},"3":{"line":246,"type":"if","locations":[{"start":{"line":246,"column":12},"end":{"line":246,"column":12}},{"start":{"line":246,"column":12},"end":{"line":246,"column":12}}]},"4":{"line":259,"type":"if","locations":[{"start":{"line":259,"column":8},"end":{"line":259,"column":8}},{"start":{"line":259,"column":8},"end":{"line":259,"column":8}}]},"5":{"line":293,"type":"if","locations":[{"start":{"line":293,"column":8},"end":{"line":293,"column":8}},{"start":{"line":293,"column":8},"end":{"line":293,"column":8}}]},"6":{"line":299,"type":"if","locations":[{"start":{"line":299,"column":8},"end":{"line":299,"column":8}},{"start":{"line":299,"column":8},"end":{"line":299,"column":8}}]},"7":{"line":308,"type":"if","locations":[{"start":{"line":308,"column":8},"end":{"line":308,"column":8}},{"start":{"line":308,"column":8},"end":{"line":308,"column":8}}]},"8":{"line":320,"type":"if","locations":[{"start":{"line":320,"column":8},"end":{"line":320,"column":8}},{"start":{"line":320,"column":8},"end":{"line":320,"column":8}}]},"9":{"line":324,"type":"if","locations":[{"start":{"line":324,"column":12},"end":{"line":324,"column":12}},{"start":{"line":324,"column":12},"end":{"line":324,"column":12}}]},"10":{"line":336,"type":"if","locations":[{"start":{"line":336,"column":8},"end":{"line":336,"column":8}},{"start":{"line":336,"column":8},"end":{"line":336,"column":8}}]},"11":{"line":343,"type":"if","locations":[{"start":{"line":343,"column":12},"end":{"line":343,"column":12}},{"start":{"line":343,"column":12},"end":{"line":343,"column":12}}]},"12":{"line":349,"type":"if","locations":[{"start":{"line":349,"column":12},"end":{"line":349,"column":12}},{"start":{"line":349,"column":12},"end":{"line":349,"column":12}}]},"13":{"line":354,"type":"if","locations":[{"start":{"line":354,"column":12},"end":{"line":354,"column":12}},{"start":{"line":354,"column":12},"end":{"line":354,"column":12}}]},"14":{"line":357,"type":"cond-expr","locations":[{"start":{"line":357,"column":39},"end":{"line":357,"column":40}},{"start":{"line":357,"column":43},"end":{"line":357,"column":44}}]},"15":{"line":364,"type":"if","locations":[{"start":{"line":364,"column":8},"end":{"line":364,"column":8}},{"start":{"line":364,"column":8},"end":{"line":364,"column":8}}]},"16":{"line":372,"type":"if","locations":[{"start":{"line":372,"column":12},"end":{"line":372,"column":12}},{"start":{"line":372,"column":12},"end":{"line":372,"column":12}}]},"17":{"line":424,"type":"if","locations":[{"start":{"line":424,"column":4},"end":{"line":424,"column":4}},{"start":{"line":424,"column":4},"end":{"line":424,"column":4}}]},"18":{"line":431,"type":"if","locations":[{"start":{"line":431,"column":8},"end":{"line":431,"column":8}},{"start":{"line":431,"column":8},"end":{"line":431,"column":8}}]},"19":{"line":435,"type":"if","locations":[{"start":{"line":435,"column":12},"end":{"line":435,"column":12}},{"start":{"line":435,"column":12},"end":{"line":435,"column":12}}]},"20":{"line":445,"type":"if","locations":[{"start":{"line":445,"column":8},"end":{"line":445,"column":8}},{"start":{"line":445,"column":8},"end":{"line":445,"column":8}}]},"21":{"line":451,"type":"if","locations":[{"start":{"line":451,"column":13},"end":{"line":451,"column":13}},{"start":{"line":451,"column":13},"end":{"line":451,"column":13}}]},"22":{"line":457,"type":"if","locations":[{"start":{"line":457,"column":4},"end":{"line":457,"column":4}},{"start":{"line":457,"column":4},"end":{"line":457,"column":4}}]},"23":{"line":482,"type":"if","locations":[{"start":{"line":482,"column":8},"end":{"line":482,"column":8}},{"start":{"line":482,"column":8},"end":{"line":482,"column":8}}]},"24":{"line":487,"type":"if","locations":[{"start":{"line":487,"column":8},"end":{"line":487,"column":8}},{"start":{"line":487,"column":8},"end":{"line":487,"column":8}}]},"25":{"line":518,"type":"if","locations":[{"start":{"line":518,"column":4},"end":{"line":518,"column":4}},{"start":{"line":518,"column":4},"end":{"line":518,"column":4}}]},"26":{"line":527,"type":"if","locations":[{"start":{"line":527,"column":4},"end":{"line":527,"column":4}},{"start":{"line":527,"column":4},"end":{"line":527,"column":4}}]},"27":{"line":534,"type":"if","locations":[{"start":{"line":534,"column":8},"end":{"line":534,"column":8}},{"start":{"line":534,"column":8},"end":{"line":534,"column":8}}]},"28":{"line":540,"type":"if","locations":[{"start":{"line":540,"column":13},"end":{"line":540,"column":13}},{"start":{"line":540,"column":13},"end":{"line":540,"column":13}}]},"29":{"line":546,"type":"if","locations":[{"start":{"line":546,"column":4},"end":{"line":546,"column":4}},{"start":{"line":546,"column":4},"end":{"line":546,"column":4}}]},"30":{"line":550,"type":"if","locations":[{"start":{"line":550,"column":12},"end":{"line":550,"column":12}},{"start":{"line":550,"column":12},"end":{"line":550,"column":12}}]},"31":{"line":559,"type":"if","locations":[{"start":{"line":559,"column":8},"end":{"line":559,"column":8}},{"start":{"line":559,"column":8},"end":{"line":559,"column":8}}]},"32":{"line":570,"type":"if","locations":[{"start":{"line":570,"column":12},"end":{"line":570,"column":12}},{"start":{"line":570,"column":12},"end":{"line":570,"column":12}}]},"33":{"line":574,"type":"if","locations":[{"start":{"line":574,"column":16},"end":{"line":574,"column":16}},{"start":{"line":574,"column":16},"end":{"line":574,"column":16}}]},"34":{"line":576,"type":"if","locations":[{"start":{"line":576,"column":20},"end":{"line":576,"column":20}},{"start":{"line":576,"column":20},"end":{"line":576,"column":20}}]},"35":{"line":585,"type":"if","locations":[{"start":{"line":585,"column":20},"end":{"line":585,"column":20}},{"start":{"line":585,"column":20},"end":{"line":585,"column":20}}]},"36":{"line":599,"type":"if","locations":[{"start":{"line":599,"column":8},"end":{"line":599,"column":8}},{"start":{"line":599,"column":8},"end":{"line":599,"column":8}}]},"37":{"line":599,"type":"binary-expr","locations":[{"start":{"line":599,"column":12},"end":{"line":599,"column":21}},{"start":{"line":600,"column":14},"end":{"line":600,"column":35}},{"start":{"line":601,"column":15},"end":{"line":601,"column":32}},{"start":{"line":601,"column":37},"end":{"line":601,"column":59}}]},"38":{"line":626,"type":"if","locations":[{"start":{"line":626,"column":8},"end":{"line":626,"column":8}},{"start":{"line":626,"column":8},"end":{"line":626,"column":8}}]},"39":{"line":631,"type":"if","locations":[{"start":{"line":631,"column":8},"end":{"line":631,"column":8}},{"start":{"line":631,"column":8},"end":{"line":631,"column":8}}]},"40":{"line":668,"type":"if","locations":[{"start":{"line":668,"column":4},"end":{"line":668,"column":4}},{"start":{"line":668,"column":4},"end":{"line":668,"column":4}}]},"41":{"line":674,"type":"if","locations":[{"start":{"line":674,"column":4},"end":{"line":674,"column":4}},{"start":{"line":674,"column":4},"end":{"line":674,"column":4}}]},"42":{"line":679,"type":"binary-expr","locations":[{"start":{"line":679,"column":14},"end":{"line":679,"column":21}},{"start":{"line":679,"column":25},"end":{"line":679,"column":27}}]},"43":{"line":685,"type":"cond-expr","locations":[{"start":{"line":685,"column":42},"end":{"line":685,"column":43}},{"start":{"line":685,"column":46},"end":{"line":685,"column":47}}]},"44":{"line":686,"type":"cond-expr","locations":[{"start":{"line":686,"column":40},"end":{"line":686,"column":41}},{"start":{"line":686,"column":44},"end":{"line":686,"column":45}}]},"45":{"line":689,"type":"if","locations":[{"start":{"line":689,"column":4},"end":{"line":689,"column":4}},{"start":{"line":689,"column":4},"end":{"line":689,"column":4}}]},"46":{"line":711,"type":"if","locations":[{"start":{"line":711,"column":8},"end":{"line":711,"column":8}},{"start":{"line":711,"column":8},"end":{"line":711,"column":8}}]},"47":{"line":717,"type":"if","locations":[{"start":{"line":717,"column":13},"end":{"line":717,"column":13}},{"start":{"line":717,"column":13},"end":{"line":717,"column":13}}]},"48":{"line":727,"type":"if","locations":[{"start":{"line":727,"column":8},"end":{"line":727,"column":8}},{"start":{"line":727,"column":8},"end":{"line":727,"column":8}}]},"49":{"line":732,"type":"if","locations":[{"start":{"line":732,"column":8},"end":{"line":732,"column":8}},{"start":{"line":732,"column":8},"end":{"line":732,"column":8}}]}}},"/home/david/mqlobber/lib/server.js":{"path":"/home/david/mqlobber/lib/server.js","s":{"1":1,"2":1,"3":1876,"4":1876,"5":1876,"6":1876,"7":1876,"8":1876,"9":1876,"10":1,"11":4,"12":1,"13":5109,"14":38,"15":1876,"16":1876,"17":1876,"18":495709,"19":2,"20":1876,"21":1876,"22":1876,"23":1,"24":25,"25":25,"26":7,"27":16,"28":16,"29":2,"30":2,"31":4,"32":2,"33":4,"34":2,"35":1876,"36":440363,"37":440363,"38":424228,"39":440363,"40":440363,"41":440363,"42":440361,"43":440361,"44":440361,"45":440361,"46":440363,"47":1,"48":440357,"49":440357,"50":14,"51":440357,"52":440357,"53":440359,"54":440361,"55":440359,"56":2,"57":440357,"58":16135,"59":2,"60":16135,"61":16135,"62":16133,"63":16133,"64":2,"65":16131,"66":13,"67":16118,"68":16118,"69":440357,"70":440363,"71":440346,"72":1876,"73":1876,"74":1,"75":2,"76":1876,"77":1876,"78":1874,"79":1874,"80":1874,"81":1874,"82":499819,"83":440361,"84":59458,"85":59458,"86":59458,"87":1,"88":59454,"89":32,"90":59454,"91":59454,"92":59454,"93":59454,"94":14100,"95":19146,"96":14100,"97":5046,"98":59458,"99":4,"100":59454,"101":59454,"102":3576,"103":3576,"104":3566,"105":3576,"106":264,"107":264,"108":256,"109":264,"110":266,"111":262,"112":266,"113":55346,"114":2,"115":55344,"116":55344,"117":55344,"118":9116,"119":9116,"120":2,"121":9114,"122":55342,"123":55342,"124":50290,"125":55342,"126":2,"127":2,"128":1874,"129":1,"130":1,"131":3586,"132":1,"133":3586,"134":3582,"135":4,"136":2,"137":3586,"138":3322,"139":3322,"140":3318,"141":3322,"142":264,"143":1,"144":2406,"145":266,"146":266,"147":2406,"148":1,"149":2406,"150":528,"151":1878,"152":2,"153":2406,"154":2144,"155":3064,"156":3064,"157":4,"158":3060,"159":3060,"160":5204,"161":3064,"162":2140,"163":2144,"164":262,"165":260,"166":260,"167":258,"168":260,"169":2,"170":1},"b":{"1":[1876,2],"2":[38,5071],"3":[2,495707],"4":[7,16,2],"5":[424228,16135],"6":[16135,424228],"7":[440361,2],"8":[440361,2],"9":[440357,440357],"10":[440359,2],"11":[16135,424222],"12":[2,16131],"13":[13,16118],"14":[440346,17],"15":[440361,59458],"16":[32,59422],"17":[32,59422],"18":[14100,5046],"19":[4,59454],"20":[3576,264,266,55346,2],"21":[3566,10],"22":[3576,3574],"23":[256,8],"24":[262,4],"25":[2,55344],"26":[9116,46228],"27":[2,9114],"28":[2,9112],"29":[50290,5052],"30":[55342,55340],"31":[3582,4],"32":[2,2],"33":[3322,264],"34":[3586,3586],"35":[3318,4],"36":[266,2140],"37":[528,1878],"38":[2,1876],"39":[2144,262],"40":[4,3060],"41":[260,2],"42":[258,2]},"f":{"1":1876,"2":4,"3":5109,"4":495709,"5":1876,"6":25,"7":440363,"8":440357,"9":14,"10":440359,"11":2,"12":16133,"13":2,"14":1874,"15":499819,"16":59454,"17":14100,"18":3586,"19":3586,"20":3322,"21":2406,"22":2406,"23":3064,"24":3064,"25":5204,"26":260},"fnMap":{"1":{"name":"MQlobberServer","line":35,"loc":{"start":{"line":35,"column":0},"end":{"line":36,"column":0}}},"2":{"name":"error","line":51,"loc":{"start":{"line":51,"column":4},"end":{"line":52,"column":4}}},"3":{"name":"warning","line":57,"loc":{"start":{"line":57,"column":4},"end":{"line":58,"column":4}}},"4":{"name":"(anonymous_4)","line":69,"loc":{"start":{"line":69,"column":34},"end":{"line":70,"column":4}}},"5":{"name":"(anonymous_5)","line":77,"loc":{"start":{"line":77,"column":26},"end":{"line":78,"column":4}}},"6":{"name":"relay_error","line":83,"loc":{"start":{"line":83,"column":4},"end":{"line":84,"column":4}}},"7":{"name":"(anonymous_7)","line":112,"loc":{"start":{"line":112,"column":19},"end":{"line":113,"column":4}}},"8":{"name":"multiplex","line":139,"loc":{"start":{"line":139,"column":8},"end":{"line":140,"column":8}}},"9":{"name":"(anonymous_9)","line":146,"loc":{"start":{"line":146,"column":31},"end":{"line":147,"column":12}}},"10":{"name":"(anonymous_10)","line":153,"loc":{"start":{"line":153,"column":34},"end":{"line":154,"column":12}}},"11":{"name":"(anonymous_11)","line":168,"loc":{"start":{"line":168,"column":26},"end":{"line":169,"column":16}}},"12":{"name":"(anonymous_12)","line":175,"loc":{"start":{"line":175,"column":39},"end":{"line":176,"column":16}}},"13":{"name":"end","line":207,"loc":{"start":{"line":207,"column":4},"end":{"line":208,"column":4}}},"14":{"name":"(anonymous_14)","line":215,"loc":{"start":{"line":215,"column":31},"end":{"line":216,"column":4}}},"15":{"name":"(anonymous_15)","line":222,"loc":{"start":{"line":222,"column":29},"end":{"line":223,"column":8}}},"16":{"name":"done","line":236,"loc":{"start":{"line":236,"column":12},"end":{"line":237,"column":12}}},"17":{"name":"(anonymous_17)","line":247,"loc":{"start":{"line":247,"column":38},"end":{"line":248,"column":16}}},"18":{"name":"(anonymous_18)","line":360,"loc":{"start":{"line":360,"column":37},"end":{"line":361,"column":0}}},"19":{"name":"cb2","line":364,"loc":{"start":{"line":364,"column":4},"end":{"line":365,"column":4}}},"20":{"name":"(anonymous_20)","line":378,"loc":{"start":{"line":378,"column":48},"end":{"line":379,"column":8}}},"21":{"name":"(anonymous_21)","line":404,"loc":{"start":{"line":404,"column":39},"end":{"line":405,"column":0}}},"22":{"name":"cb2","line":414,"loc":{"start":{"line":414,"column":4},"end":{"line":415,"column":4}}},"23":{"name":"(anonymous_23)","line":428,"loc":{"start":{"line":428,"column":20},"end":{"line":429,"column":8}}},"24":{"name":"(anonymous_24)","line":430,"loc":{"start":{"line":430,"column":48},"end":{"line":431,"column":12}}},"25":{"name":"(anonymous_25)","line":444,"loc":{"start":{"line":444,"column":15},"end":{"line":445,"column":8}}},"26":{"name":"(anonymous_26)","line":457,"loc":{"start":{"line":457,"column":50},"end":{"line":458,"column":8}}}},"statementMap":{"1":{"start":{"line":3,"column":0},"end":{"line":9,"column":21}},"2":{"start":{"line":35,"column":0},"end":{"line":339,"column":1}},"3":{"start":{"line":37,"column":4},"end":{"line":37,"column":28}},"4":{"start":{"line":39,"column":4},"end":{"line":39,"column":28}},"5":{"start":{"line":41,"column":4},"end":{"line":41,"column":19}},"6":{"start":{"line":42,"column":4},"end":{"line":42,"column":27}},"7":{"start":{"line":43,"column":4},"end":{"line":43,"column":23}},"8":{"start":{"line":44,"column":4},"end":{"line":47,"column":19}},"9":{"start":{"line":49,"column":4},"end":{"line":49,"column":19}},"10":{"start":{"line":51,"column":4},"end":{"line":55,"column":5}},"11":{"start":{"line":54,"column":8},"end":{"line":54,"column":37}},"12":{"start":{"line":57,"column":4},"end":{"line":64,"column":5}},"13":{"start":{"line":60,"column":8},"end":{"line":63,"column":9}},"14":{"start":{"line":62,"column":12},"end":{"line":62,"column":31}},"15":{"start":{"line":65,"column":4},"end":{"line":65,"column":28}},"16":{"start":{"line":67,"column":4},"end":{"line":67,"column":32}},"17":{"start":{"line":69,"column":4},"end":{"line":75,"column":7}},"18":{"start":{"line":71,"column":8},"end":{"line":74,"column":9}},"19":{"start":{"line":73,"column":12},"end":{"line":73,"column":32}},"20":{"start":{"line":77,"column":4},"end":{"line":81,"column":7}},"21":{"start":{"line":79,"column":8},"end":{"line":79,"column":26}},"22":{"start":{"line":80,"column":8},"end":{"line":80,"column":25}},"23":{"start":{"line":83,"column":4},"end":{"line":110,"column":5}},"24":{"start":{"line":87,"column":8},"end":{"line":87,"column":32}},"25":{"start":{"line":89,"column":8},"end":{"line":109,"column":9}},"26":{"start":{"line":92,"column":16},"end":{"line":92,"column":22}},"27":{"start":{"line":95,"column":16},"end":{"line":95,"column":61}},"28":{"start":{"line":96,"column":16},"end":{"line":96,"column":22}},"29":{"start":{"line":99,"column":16},"end":{"line":99,"column":44}},"30":{"start":{"line":100,"column":16},"end":{"line":103,"column":17}},"31":{"start":{"line":102,"column":20},"end":{"line":102,"column":36}},"32":{"start":{"line":104,"column":16},"end":{"line":107,"column":17}},"33":{"start":{"line":106,"column":20},"end":{"line":106,"column":44}},"34":{"start":{"line":108,"column":16},"end":{"line":108,"column":22}},"35":{"start":{"line":112,"column":4},"end":{"line":202,"column":6}},"36":{"start":{"line":114,"column":8},"end":{"line":114,"column":38}},"37":{"start":{"line":116,"column":8},"end":{"line":119,"column":9}},"38":{"start":{"line":118,"column":12},"end":{"line":118,"column":31}},"39":{"start":{"line":121,"column":8},"end":{"line":121,"column":36}},"40":{"start":{"line":123,"column":8},"end":{"line":125,"column":31}},"41":{"start":{"line":127,"column":8},"end":{"line":135,"column":9}},"42":{"start":{"line":129,"column":12},"end":{"line":129,"column":58}},"43":{"start":{"line":130,"column":12},"end":{"line":130,"column":38}},"44":{"start":{"line":133,"column":12},"end":{"line":133,"column":77}},"45":{"start":{"line":134,"column":12},"end":{"line":134,"column":65}},"46":{"start":{"line":137,"column":8},"end":{"line":137,"column":51}},"47":{"start":{"line":139,"column":8},"end":{"line":196,"column":9}},"48":{"start":{"line":141,"column":12},"end":{"line":144,"column":15}},"49":{"start":{"line":146,"column":12},"end":{"line":149,"column":15}},"50":{"start":{"line":148,"column":16},"end":{"line":148,"column":27}},"51":{"start":{"line":151,"column":12},"end":{"line":151,"column":47}},"52":{"start":{"line":153,"column":12},"end":{"line":164,"column":15}},"53":{"start":{"line":155,"column":16},"end":{"line":163,"column":17}},"54":{"start":{"line":157,"column":20},"end":{"line":160,"column":21}},"55":{"start":{"line":159,"column":24},"end":{"line":159,"column":30}},"56":{"start":{"line":162,"column":20},"end":{"line":162,"column":69}},"57":{"start":{"line":166,"column":12},"end":{"line":193,"column":13}},"58":{"start":{"line":168,"column":16},"end":{"line":171,"column":18}},"59":{"start":{"line":170,"column":20},"end":{"line":170,"column":61}},"60":{"start":{"line":173,"column":16},"end":{"line":173,"column":38}},"61":{"start":{"line":175,"column":16},"end":{"line":192,"column":19}},"62":{"start":{"line":177,"column":20},"end":{"line":177,"column":52}},"63":{"start":{"line":179,"column":20},"end":{"line":182,"column":21}},"64":{"start":{"line":181,"column":24},"end":{"line":181,"column":65}},"65":{"start":{"line":184,"column":20},"end":{"line":187,"column":21}},"66":{"start":{"line":186,"column":24},"end":{"line":186,"column":61}},"67":{"start":{"line":189,"column":20},"end":{"line":189,"column":42}},"68":{"start":{"line":191,"column":20},"end":{"line":191,"column":25}},"69":{"start":{"line":195,"column":12},"end":{"line":195,"column":26}},"70":{"start":{"line":198,"column":8},"end":{"line":201,"column":9}},"71":{"start":{"line":200,"column":12},"end":{"line":200,"column":35}},"72":{"start":{"line":204,"column":4},"end":{"line":204,"column":38}},"73":{"start":{"line":205,"column":4},"end":{"line":205,"column":40}},"74":{"start":{"line":207,"column":4},"end":{"line":211,"column":5}},"75":{"start":{"line":210,"column":8},"end":{"line":210,"column":65}},"76":{"start":{"line":213,"column":4},"end":{"line":213,"column":28}},"77":{"start":{"line":215,"column":4},"end":{"line":338,"column":7}},"78":{"start":{"line":217,"column":8},"end":{"line":217,"column":40}},"79":{"start":{"line":219,"column":8},"end":{"line":219,"column":36}},"80":{"start":{"line":220,"column":8},"end":{"line":220,"column":21}},"81":{"start":{"line":222,"column":8},"end":{"line":335,"column":11}},"82":{"start":{"line":224,"column":12},"end":{"line":228,"column":13}},"83":{"start":{"line":227,"column":16},"end":{"line":227,"column":23}},"84":{"start":{"line":230,"column":12},"end":{"line":230,"column":44}},"85":{"start":{"line":232,"column":12},"end":{"line":232,"column":25}},"86":{"start":{"line":234,"column":12},"end":{"line":234,"column":36}},"87":{"start":{"line":236,"column":12},"end":{"line":259,"column":13}},"88":{"start":{"line":238,"column":16},"end":{"line":241,"column":17}},"89":{"start":{"line":240,"column":20},"end":{"line":240,"column":46}},"90":{"start":{"line":243,"column":16},"end":{"line":243,"column":42}},"91":{"start":{"line":244,"column":16},"end":{"line":244,"column":46}},"92":{"start":{"line":245,"column":16},"end":{"line":245,"column":33}},"93":{"start":{"line":247,"column":16},"end":{"line":258,"column":19}},"94":{"start":{"line":249,"column":20},"end":{"line":257,"column":21}},"95":{"start":{"line":251,"column":24},"end":{"line":254,"column":25}},"96":{"start":{"line":253,"column":28},"end":{"line":253,"column":34}},"97":{"start":{"line":256,"column":24},"end":{"line":256,"column":73}},"98":{"start":{"line":261,"column":12},"end":{"line":264,"column":13}},"99":{"start":{"line":263,"column":16},"end":{"line":263,"column":59}},"100":{"start":{"line":266,"column":12},"end":{"line":267,"column":22}},"101":{"start":{"line":269,"column":12},"end":{"line":334,"column":13}},"102":{"start":{"line":272,"column":20},"end":{"line":272,"column":54}},"103":{"start":{"line":273,"column":20},"end":{"line":277,"column":21}},"104":{"start":{"line":276,"column":24},"end":{"line":276,"column":51}},"105":{"start":{"line":278,"column":20},"end":{"line":278,"column":26}},"106":{"start":{"line":281,"column":20},"end":{"line":281,"column":54}},"107":{"start":{"line":282,"column":20},"end":{"line":285,"column":21}},"108":{"start":{"line":284,"column":24},"end":{"line":284,"column":53}},"109":{"start":{"line":286,"column":20},"end":{"line":286,"column":26}},"110":{"start":{"line":289,"column":20},"end":{"line":292,"column":21}},"111":{"start":{"line":291,"column":24},"end":{"line":291,"column":46}},"112":{"start":{"line":293,"column":20},"end":{"line":293,"column":26}},"113":{"start":{"line":296,"column":20},"end":{"line":299,"column":21}},"114":{"start":{"line":298,"column":24},"end":{"line":298,"column":67}},"115":{"start":{"line":301,"column":20},"end":{"line":303,"column":32}},"116":{"start":{"line":305,"column":20},"end":{"line":305,"column":51}},"117":{"start":{"line":307,"column":20},"end":{"line":319,"column":21}},"118":{"start":{"line":309,"column":24},"end":{"line":309,"column":33}},"119":{"start":{"line":311,"column":24},"end":{"line":314,"column":25}},"120":{"start":{"line":313,"column":28},"end":{"line":313,"column":71}},"121":{"start":{"line":316,"column":24},"end":{"line":318,"column":68}},"122":{"start":{"line":321,"column":20},"end":{"line":321,"column":56}},"123":{"start":{"line":323,"column":20},"end":{"line":327,"column":21}},"124":{"start":{"line":326,"column":24},"end":{"line":326,"column":75}},"125":{"start":{"line":329,"column":20},"end":{"line":329,"column":26}},"126":{"start":{"line":332,"column":20},"end":{"line":332,"column":61}},"127":{"start":{"line":333,"column":20},"end":{"line":333,"column":26}},"128":{"start":{"line":337,"column":8},"end":{"line":337,"column":44}},"129":{"start":{"line":341,"column":0},"end":{"line":341,"column":44}},"130":{"start":{"line":360,"column":0},"end":{"line":391,"column":2}},"131":{"start":{"line":362,"column":4},"end":{"line":362,"column":19}},"132":{"start":{"line":364,"column":4},"end":{"line":374,"column":5}},"133":{"start":{"line":366,"column":8},"end":{"line":373,"column":9}},"134":{"start":{"line":368,"column":12},"end":{"line":368,"column":20}},"135":{"start":{"line":370,"column":13},"end":{"line":373,"column":9}},"136":{"start":{"line":372,"column":12},"end":{"line":372,"column":30}},"137":{"start":{"line":376,"column":4},"end":{"line":390,"column":5}},"138":{"start":{"line":378,"column":8},"end":{"line":385,"column":11}},"139":{"start":{"line":380,"column":12},"end":{"line":383,"column":13}},"140":{"start":{"line":382,"column":16},"end":{"line":382,"column":37}},"141":{"start":{"line":384,"column":12},"end":{"line":384,"column":21}},"142":{"start":{"line":389,"column":8},"end":{"line":389,"column":14}},"143":{"start":{"line":404,"column":0},"end":{"line":470,"column":2}},"144":{"start":{"line":406,"column":4},"end":{"line":410,"column":5}},"145":{"start":{"line":408,"column":8},"end":{"line":408,"column":19}},"146":{"start":{"line":409,"column":8},"end":{"line":409,"column":26}},"147":{"start":{"line":412,"column":4},"end":{"line":412,"column":19}},"148":{"start":{"line":414,"column":4},"end":{"line":424,"column":5}},"149":{"start":{"line":416,"column":8},"end":{"line":423,"column":9}},"150":{"start":{"line":418,"column":12},"end":{"line":418,"column":20}},"151":{"start":{"line":420,"column":13},"end":{"line":423,"column":9}},"152":{"start":{"line":422,"column":12},"end":{"line":422,"column":30}},"153":{"start":{"line":426,"column":4},"end":{"line":469,"column":5}},"154":{"start":{"line":428,"column":8},"end":{"line":451,"column":10}},"155":{"start":{"line":430,"column":12},"end":{"line":441,"column":15}},"156":{"start":{"line":432,"column":16},"end":{"line":440,"column":17}},"157":{"start":{"line":434,"column":20},"end":{"line":434,"column":29}},"158":{"start":{"line":438,"column":20},"end":{"line":438,"column":40}},"159":{"start":{"line":439,"column":20},"end":{"line":439,"column":43}},"160":{"start":{"line":446,"column":12},"end":{"line":449,"column":13}},"161":{"start":{"line":448,"column":16},"end":{"line":448,"column":32}},"162":{"start":{"line":450,"column":12},"end":{"line":450,"column":18}},"163":{"start":{"line":453,"column":8},"end":{"line":453,"column":15}},"164":{"start":{"line":455,"column":9},"end":{"line":469,"column":5}},"165":{"start":{"line":457,"column":8},"end":{"line":464,"column":11}},"166":{"start":{"line":459,"column":12},"end":{"line":462,"column":13}},"167":{"start":{"line":461,"column":16},"end":{"line":461,"column":40}},"168":{"start":{"line":463,"column":12},"end":{"line":463,"column":21}},"169":{"start":{"line":468,"column":8},"end":{"line":468,"column":14}},"170":{"start":{"line":472,"column":0},"end":{"line":472,"column":40}}},"branchMap":{"1":{"line":39,"type":"binary-expr","locations":[{"start":{"line":39,"column":14},"end":{"line":39,"column":21}},{"start":{"line":39,"column":25},"end":{"line":39,"column":27}}]},"2":{"line":60,"type":"if","locations":[{"start":{"line":60,"column":8},"end":{"line":60,"column":8}},{"start":{"line":60,"column":8},"end":{"line":60,"column":8}}]},"3":{"line":71,"type":"if","locations":[{"start":{"line":71,"column":8},"end":{"line":71,"column":8}},{"start":{"line":71,"column":8},"end":{"line":71,"column":8}}]},"4":{"line":89,"type":"switch","locations":[{"start":{"line":91,"column":12},"end":{"line":92,"column":22}},{"start":{"line":94,"column":12},"end":{"line":96,"column":22}},{"start":{"line":98,"column":12},"end":{"line":108,"column":22}}]},"5":{"line":116,"type":"if","locations":[{"start":{"line":116,"column":8},"end":{"line":116,"column":8}},{"start":{"line":116,"column":8},"end":{"line":116,"column":8}}]},"6":{"line":123,"type":"cond-expr","locations":[{"start":{"line":123,"column":43},"end":{"line":123,"column":44}},{"start":{"line":123,"column":47},"end":{"line":123,"column":48}}]},"7":{"line":124,"type":"cond-expr","locations":[{"start":{"line":124,"column":53},"end":{"line":124,"column":54}},{"start":{"line":124,"column":57},"end":{"line":124,"column":58}}]},"8":{"line":127,"type":"if","locations":[{"start":{"line":127,"column":8},"end":{"line":127,"column":8}},{"start":{"line":127,"column":8},"end":{"line":127,"column":8}}]},"9":{"line":151,"type":"binary-expr","locations":[{"start":{"line":151,"column":31},"end":{"line":151,"column":39}},{"start":{"line":151,"column":43},"end":{"line":151,"column":45}}]},"10":{"line":157,"type":"if","locations":[{"start":{"line":157,"column":20},"end":{"line":157,"column":20}},{"start":{"line":157,"column":20},"end":{"line":157,"column":20}}]},"11":{"line":166,"type":"if","locations":[{"start":{"line":166,"column":12},"end":{"line":166,"column":12}},{"start":{"line":166,"column":12},"end":{"line":166,"column":12}}]},"12":{"line":179,"type":"if","locations":[{"start":{"line":179,"column":20},"end":{"line":179,"column":20}},{"start":{"line":179,"column":20},"end":{"line":179,"column":20}}]},"13":{"line":184,"type":"if","locations":[{"start":{"line":184,"column":20},"end":{"line":184,"column":20}},{"start":{"line":184,"column":20},"end":{"line":184,"column":20}}]},"14":{"line":198,"type":"if","locations":[{"start":{"line":198,"column":8},"end":{"line":198,"column":8}},{"start":{"line":198,"column":8},"end":{"line":198,"column":8}}]},"15":{"line":224,"type":"if","locations":[{"start":{"line":224,"column":12},"end":{"line":224,"column":12}},{"start":{"line":224,"column":12},"end":{"line":224,"column":12}}]},"16":{"line":238,"type":"if","locations":[{"start":{"line":238,"column":16},"end":{"line":238,"column":16}},{"start":{"line":238,"column":16},"end":{"line":238,"column":16}}]},"17":{"line":244,"type":"cond-expr","locations":[{"start":{"line":244,"column":39},"end":{"line":244,"column":40}},{"start":{"line":244,"column":43},"end":{"line":244,"column":44}}]},"18":{"line":251,"type":"if","locations":[{"start":{"line":251,"column":24},"end":{"line":251,"column":24}},{"start":{"line":251,"column":24},"end":{"line":251,"column":24}}]},"19":{"line":261,"type":"if","locations":[{"start":{"line":261,"column":12},"end":{"line":261,"column":12}},{"start":{"line":261,"column":12},"end":{"line":261,"column":12}}]},"20":{"line":269,"type":"switch","locations":[{"start":{"line":271,"column":16},"end":{"line":278,"column":26}},{"start":{"line":280,"column":16},"end":{"line":286,"column":26}},{"start":{"line":288,"column":16},"end":{"line":293,"column":26}},{"start":{"line":295,"column":16},"end":{"line":329,"column":26}},{"start":{"line":331,"column":16},"end":{"line":333,"column":26}}]},"21":{"line":273,"type":"if","locations":[{"start":{"line":273,"column":20},"end":{"line":273,"column":20}},{"start":{"line":273,"column":20},"end":{"line":273,"column":20}}]},"22":{"line":273,"type":"binary-expr","locations":[{"start":{"line":273,"column":24},"end":{"line":273,"column":73}},{"start":{"line":274,"column":24},"end":{"line":274,"column":69}}]},"23":{"line":282,"type":"if","locations":[{"start":{"line":282,"column":20},"end":{"line":282,"column":20}},{"start":{"line":282,"column":20},"end":{"line":282,"column":20}}]},"24":{"line":289,"type":"if","locations":[{"start":{"line":289,"column":20},"end":{"line":289,"column":20}},{"start":{"line":289,"column":20},"end":{"line":289,"column":20}}]},"25":{"line":296,"type":"if","locations":[{"start":{"line":296,"column":20},"end":{"line":296,"column":20}},{"start":{"line":296,"column":20},"end":{"line":296,"column":20}}]},"26":{"line":307,"type":"if","locations":[{"start":{"line":307,"column":20},"end":{"line":307,"column":20}},{"start":{"line":307,"column":20},"end":{"line":307,"column":20}}]},"27":{"line":311,"type":"if","locations":[{"start":{"line":311,"column":24},"end":{"line":311,"column":24}},{"start":{"line":311,"column":24},"end":{"line":311,"column":24}}]},"28":{"line":317,"type":"cond-expr","locations":[{"start":{"line":317,"column":49},"end":{"line":317,"column":64}},{"start":{"line":317,"column":67},"end":{"line":317,"column":81}}]},"29":{"line":323,"type":"if","locations":[{"start":{"line":323,"column":20},"end":{"line":323,"column":20}},{"start":{"line":323,"column":20},"end":{"line":323,"column":20}}]},"30":{"line":323,"type":"binary-expr","locations":[{"start":{"line":323,"column":24},"end":{"line":323,"column":88}},{"start":{"line":324,"column":24},"end":{"line":324,"column":84}}]},"31":{"line":366,"type":"if","locations":[{"start":{"line":366,"column":8},"end":{"line":366,"column":8}},{"start":{"line":366,"column":8},"end":{"line":366,"column":8}}]},"32":{"line":370,"type":"if","locations":[{"start":{"line":370,"column":13},"end":{"line":370,"column":13}},{"start":{"line":370,"column":13},"end":{"line":370,"column":13}}]},"33":{"line":376,"type":"if","locations":[{"start":{"line":376,"column":4},"end":{"line":376,"column":4}},{"start":{"line":376,"column":4},"end":{"line":376,"column":4}}]},"34":{"line":376,"type":"binary-expr","locations":[{"start":{"line":376,"column":8},"end":{"line":376,"column":19}},{"start":{"line":376,"column":23},"end":{"line":376,"column":45}}]},"35":{"line":380,"type":"if","locations":[{"start":{"line":380,"column":12},"end":{"line":380,"column":12}},{"start":{"line":380,"column":12},"end":{"line":380,"column":12}}]},"36":{"line":406,"type":"if","locations":[{"start":{"line":406,"column":4},"end":{"line":406,"column":4}},{"start":{"line":406,"column":4},"end":{"line":406,"column":4}}]},"37":{"line":416,"type":"if","locations":[{"start":{"line":416,"column":8},"end":{"line":416,"column":8}},{"start":{"line":416,"column":8},"end":{"line":416,"column":8}}]},"38":{"line":420,"type":"if","locations":[{"start":{"line":420,"column":13},"end":{"line":420,"column":13}},{"start":{"line":420,"column":13},"end":{"line":420,"column":13}}]},"39":{"line":426,"type":"if","locations":[{"start":{"line":426,"column":4},"end":{"line":426,"column":4}},{"start":{"line":426,"column":4},"end":{"line":426,"column":4}}]},"40":{"line":432,"type":"if","locations":[{"start":{"line":432,"column":16},"end":{"line":432,"column":16}},{"start":{"line":432,"column":16},"end":{"line":432,"column":16}}]},"41":{"line":455,"type":"if","locations":[{"start":{"line":455,"column":9},"end":{"line":455,"column":9}},{"start":{"line":455,"column":9},"end":{"line":455,"column":9}}]},"42":{"line":459,"type":"if","locations":[{"start":{"line":459,"column":12},"end":{"line":459,"column":12}},{"start":{"line":459,"column":12},"end":{"line":459,"column":12}}]}}}}