{"/home/david/mqlobber/index.js":{"path":"/home/david/mqlobber/index.js","s":{"1":1,"2":1},"b":{},"f":{},"fnMap":{},"statementMap":{"1":{"start":{"line":3,"column":0},"end":{"line":3,"column":64}},"2":{"start":{"line":4,"column":0},"end":{"line":4,"column":64}}},"branchMap":{}},"/home/david/mqlobber/lib/client.js":{"path":"/home/david/mqlobber/lib/client.js","s":{"1":1,"2":1,"3":1876,"4":1876,"5":1876,"6":1876,"7":1876,"8":1876,"9":1876,"10":1,"11":2,"12":1,"13":29,"14":2,"15":1876,"16":1876,"17":61334,"18":61340,"19":61334,"20":6,"21":1876,"22":1876,"23":501687,"24":2,"25":1876,"26":1876,"27":1876,"28":1876,"29":1876,"30":1,"31":4,"32":1876,"33":1876,"34":1876,"35":1876,"36":1876,"37":495703,"38":1872,"39":1872,"40":493831,"41":53472,"42":440359,"43":440359,"44":440359,"45":4,"46":440355,"47":440355,"48":440355,"49":440353,"50":440353,"51":2,"52":440351,"53":440353,"54":440353,"55":440353,"56":16129,"57":1,"58":134231,"59":51488,"60":82743,"61":82743,"62":9,"63":82743,"64":16127,"65":16127,"66":16127,"67":440353,"68":491957,"69":491957,"70":16129,"71":1,"72":1,"73":3588,"74":3588,"75":2,"76":1,"77":3588,"78":3578,"79":3578,"80":3306,"81":3306,"82":3578,"83":3578,"84":3588,"85":3582,"86":3582,"87":3582,"88":6,"89":2,"90":3586,"91":8,"92":3578,"93":1,"94":2,"95":3578,"96":3578,"97":3578,"98":3578,"99":3578,"100":3576,"101":3576,"102":2,"103":3574,"104":4,"105":3570,"106":1,"107":1700,"108":268,"109":268,"110":268,"111":1700,"112":1700,"113":2,"114":1,"115":1700,"116":1692,"117":1692,"118":1692,"119":8,"120":4,"121":1698,"122":270,"123":270,"124":266,"125":266,"126":270,"127":270,"128":2,"129":268,"130":1428,"131":1428,"132":1422,"133":1422,"134":268,"135":144,"136":124,"137":268,"138":258,"139":1422,"140":1428,"141":1428,"142":1428,"143":1164,"144":264,"145":532,"146":1,"147":2,"148":532,"149":532,"150":532,"151":532,"152":532,"153":530,"154":530,"155":2,"156":528,"157":6,"158":522,"159":1,"160":55344,"161":23592,"162":23592,"163":55344,"164":2,"165":55342,"166":55342,"167":55342,"168":55342,"169":55342,"170":9114,"171":9114,"172":55342,"173":55342,"174":1,"175":5986,"176":55342,"177":55342,"178":55342,"179":1,"180":55344,"181":50292,"182":50292,"183":50292,"184":5052,"185":2,"186":55342,"187":49356,"188":49356,"189":2,"190":49354,"191":10,"192":49344,"193":55342,"194":1},"b":{"1":[1876,1876],"2":[2,27],"3":[61334,6],"4":[2,501685],"5":[1872,493831],"6":[53472,440359],"7":[4,440355],"8":[440353,2],"9":[2,440351],"10":[16129,424224],"11":[51488,82743],"12":[9,82734],"13":[16127,66616],"14":[9,16118],"15":[16129,475828],"16":[2,3586],"17":[3578,10],"18":[3306,272],"19":[3582,6],"20":[2,4],"21":[8,3578],"22":[2,3574],"23":[4,3570],"24":[268,1432],"25":[2,1698],"26":[1692,8],"27":[4,4],"28":[270,1428],"29":[266,4],"30":[2,268],"31":[1422,6],"32":[268,1154],"33":[144,124],"34":[258,10],"35":[1164,264],"36":[1428,274,124,116],"37":[2,528],"38":[6,522],"39":[23592,31752],"40":[2,55342],"41":[55342,28638],"42":[17592,37750],"43":[9114,46228],"44":[9114,46228],"45":[50292,5052],"46":[2,5050],"47":[2,49354],"48":[10,49344]},"f":{"1":1876,"2":2,"3":29,"4":61334,"5":501687,"6":1876,"7":1876,"8":4,"9":495703,"10":134231,"11":3588,"12":3588,"13":2,"14":3576,"15":1700,"16":1700,"17":270,"18":1428,"19":2,"20":530,"21":55344,"22":5986,"23":55344,"24":49356},"fnMap":{"1":{"name":"MQlobberClient","line":213,"loc":{"start":{"line":213,"column":0},"end":{"line":214,"column":0}}},"2":{"name":"error","line":226,"loc":{"start":{"line":226,"column":4},"end":{"line":227,"column":4}}},"3":{"name":"warning","line":232,"loc":{"start":{"line":232,"column":4},"end":{"line":233,"column":4}}},"4":{"name":"(anonymous_4)","line":242,"loc":{"start":{"line":242,"column":28},"end":{"line":243,"column":4}}},"5":{"name":"(anonymous_5)","line":257,"loc":{"start":{"line":257,"column":34},"end":{"line":258,"column":4}}},"6":{"name":"(anonymous_6)","line":265,"loc":{"start":{"line":265,"column":26},"end":{"line":266,"column":4}}},"7":{"name":"(anonymous_7)","line":270,"loc":{"start":{"line":270,"column":23},"end":{"line":271,"column":4}}},"8":{"name":"end","line":277,"loc":{"start":{"line":277,"column":4},"end":{"line":278,"column":4}}},"9":{"name":"(anonymous_9)","line":287,"loc":{"start":{"line":287,"column":29},"end":{"line":288,"column":4}}},"10":{"name":"done","line":337,"loc":{"start":{"line":337,"column":8},"end":{"line":338,"column":8}}},"11":{"name":"(anonymous_11)","line":409,"loc":{"start":{"line":409,"column":37},"end":{"line":410,"column":0}}},"12":{"name":"done","line":418,"loc":{"start":{"line":418,"column":4},"end":{"line":419,"column":4}}},"13":{"name":"end","line":457,"loc":{"start":{"line":457,"column":4},"end":{"line":458,"column":4}}},"14":{"name":"(anonymous_14)","line":467,"loc":{"start":{"line":467,"column":27},"end":{"line":468,"column":4}}},"15":{"name":"(anonymous_15)","line":505,"loc":{"start":{"line":505,"column":39},"end":{"line":506,"column":0}}},"16":{"name":"done2","line":521,"loc":{"start":{"line":521,"column":4},"end":{"line":522,"column":4}}},"17":{"name":"(anonymous_17)","line":537,"loc":{"start":{"line":537,"column":15},"end":{"line":538,"column":8}}},"18":{"name":"(anonymous_18)","line":557,"loc":{"start":{"line":557,"column":15},"end":{"line":558,"column":8}}},"19":{"name":"end","line":601,"loc":{"start":{"line":601,"column":4},"end":{"line":602,"column":4}}},"20":{"name":"(anonymous_20)","line":611,"loc":{"start":{"line":611,"column":27},"end":{"line":612,"column":4}}},"21":{"name":"(anonymous_21)","line":655,"loc":{"start":{"line":655,"column":35},"end":{"line":656,"column":0}}},"22":{"name":"end","line":689,"loc":{"start":{"line":689,"column":4},"end":{"line":690,"column":4}}},"23":{"name":"done","line":698,"loc":{"start":{"line":698,"column":4},"end":{"line":699,"column":4}}},"24":{"name":"(anonymous_24)","line":712,"loc":{"start":{"line":712,"column":27},"end":{"line":713,"column":4}}}},"statementMap":{"1":{"start":{"line":181,"column":0},"end":{"line":188,"column":21}},"2":{"start":{"line":213,"column":0},"end":{"line":367,"column":1}},"3":{"start":{"line":215,"column":4},"end":{"line":215,"column":28}},"4":{"start":{"line":217,"column":4},"end":{"line":217,"column":28}},"5":{"start":{"line":219,"column":4},"end":{"line":219,"column":27}},"6":{"start":{"line":220,"column":4},"end":{"line":220,"column":46}},"7":{"start":{"line":221,"column":4},"end":{"line":221,"column":42}},"8":{"start":{"line":222,"column":4},"end":{"line":222,"column":23}},"9":{"start":{"line":224,"column":4},"end":{"line":224,"column":19}},"10":{"start":{"line":226,"column":4},"end":{"line":230,"column":5}},"11":{"start":{"line":229,"column":8},"end":{"line":229,"column":37}},"12":{"start":{"line":232,"column":4},"end":{"line":239,"column":5}},"13":{"start":{"line":235,"column":8},"end":{"line":238,"column":9}},"14":{"start":{"line":237,"column":12},"end":{"line":237,"column":31}},"15":{"start":{"line":240,"column":4},"end":{"line":240,"column":28}},"16":{"start":{"line":242,"column":4},"end":{"line":253,"column":6}},"17":{"start":{"line":244,"column":8},"end":{"line":252,"column":9}},"18":{"start":{"line":246,"column":12},"end":{"line":249,"column":13}},"19":{"start":{"line":248,"column":16},"end":{"line":248,"column":22}},"20":{"start":{"line":251,"column":12},"end":{"line":251,"column":61}},"21":{"start":{"line":255,"column":4},"end":{"line":255,"column":32}},"22":{"start":{"line":257,"column":4},"end":{"line":263,"column":7}},"23":{"start":{"line":259,"column":8},"end":{"line":262,"column":9}},"24":{"start":{"line":261,"column":12},"end":{"line":261,"column":32}},"25":{"start":{"line":265,"column":4},"end":{"line":268,"column":7}},"26":{"start":{"line":267,"column":8},"end":{"line":267,"column":25}},"27":{"start":{"line":270,"column":4},"end":{"line":273,"column":7}},"28":{"start":{"line":272,"column":8},"end":{"line":272,"column":26}},"29":{"start":{"line":275,"column":4},"end":{"line":275,"column":80}},"30":{"start":{"line":277,"column":4},"end":{"line":280,"column":5}},"31":{"start":{"line":279,"column":8},"end":{"line":279,"column":64}},"32":{"start":{"line":282,"column":4},"end":{"line":282,"column":26}},"33":{"start":{"line":283,"column":4},"end":{"line":283,"column":32}},"34":{"start":{"line":284,"column":4},"end":{"line":284,"column":49}},"35":{"start":{"line":285,"column":4},"end":{"line":285,"column":17}},"36":{"start":{"line":287,"column":4},"end":{"line":366,"column":7}},"37":{"start":{"line":289,"column":8},"end":{"line":293,"column":9}},"38":{"start":{"line":291,"column":12},"end":{"line":291,"column":46}},"39":{"start":{"line":292,"column":12},"end":{"line":292,"column":48}},"40":{"start":{"line":295,"column":8},"end":{"line":299,"column":9}},"41":{"start":{"line":298,"column":12},"end":{"line":298,"column":19}},"42":{"start":{"line":301,"column":8},"end":{"line":301,"column":35}},"43":{"start":{"line":302,"column":8},"end":{"line":302,"column":20}},"44":{"start":{"line":304,"column":8},"end":{"line":307,"column":9}},"45":{"start":{"line":306,"column":12},"end":{"line":306,"column":70}},"46":{"start":{"line":309,"column":8},"end":{"line":312,"column":18}},"47":{"start":{"line":314,"column":8},"end":{"line":314,"column":36}},"48":{"start":{"line":316,"column":8},"end":{"line":327,"column":9}},"49":{"start":{"line":318,"column":12},"end":{"line":318,"column":21}},"50":{"start":{"line":320,"column":12},"end":{"line":323,"column":13}},"51":{"start":{"line":322,"column":16},"end":{"line":322,"column":74}},"52":{"start":{"line":325,"column":12},"end":{"line":326,"column":55}},"53":{"start":{"line":329,"column":8},"end":{"line":329,"column":49}},"54":{"start":{"line":331,"column":8},"end":{"line":331,"column":38}},"55":{"start":{"line":332,"column":8},"end":{"line":335,"column":9}},"56":{"start":{"line":334,"column":12},"end":{"line":334,"column":32}},"57":{"start":{"line":337,"column":8},"end":{"line":356,"column":9}},"58":{"start":{"line":339,"column":12},"end":{"line":342,"column":13}},"59":{"start":{"line":341,"column":16},"end":{"line":341,"column":23}},"60":{"start":{"line":343,"column":12},"end":{"line":343,"column":26}},"61":{"start":{"line":345,"column":12},"end":{"line":348,"column":13}},"62":{"start":{"line":347,"column":16},"end":{"line":347,"column":41}},"63":{"start":{"line":350,"column":12},"end":{"line":355,"column":13}},"64":{"start":{"line":352,"column":16},"end":{"line":352,"column":42}},"65":{"start":{"line":353,"column":16},"end":{"line":353,"column":46}},"66":{"start":{"line":354,"column":16},"end":{"line":354,"column":33}},"67":{"start":{"line":358,"column":8},"end":{"line":365,"column":9}},"68":{"start":{"line":360,"column":12},"end":{"line":360,"column":49}},"69":{"start":{"line":361,"column":12},"end":{"line":364,"column":13}},"70":{"start":{"line":363,"column":16},"end":{"line":363,"column":22}},"71":{"start":{"line":369,"column":0},"end":{"line":369,"column":44}},"72":{"start":{"line":409,"column":0},"end":{"line":483,"column":2}},"73":{"start":{"line":411,"column":4},"end":{"line":411,"column":27}},"74":{"start":{"line":413,"column":4},"end":{"line":416,"column":5}},"75":{"start":{"line":415,"column":8},"end":{"line":415,"column":43}},"76":{"start":{"line":418,"column":4},"end":{"line":444,"column":5}},"77":{"start":{"line":420,"column":8},"end":{"line":432,"column":9}},"78":{"start":{"line":422,"column":12},"end":{"line":422,"column":48}},"79":{"start":{"line":424,"column":12},"end":{"line":428,"column":13}},"80":{"start":{"line":426,"column":16},"end":{"line":426,"column":37}},"81":{"start":{"line":427,"column":16},"end":{"line":427,"column":47}},"82":{"start":{"line":430,"column":12},"end":{"line":430,"column":34}},"83":{"start":{"line":431,"column":12},"end":{"line":431,"column":45}},"84":{"start":{"line":434,"column":8},"end":{"line":443,"column":9}},"85":{"start":{"line":436,"column":12},"end":{"line":436,"column":25}},"86":{"start":{"line":437,"column":12},"end":{"line":437,"column":22}},"87":{"start":{"line":438,"column":12},"end":{"line":438,"column":29}},"88":{"start":{"line":440,"column":13},"end":{"line":443,"column":9}},"89":{"start":{"line":442,"column":12},"end":{"line":442,"column":43}},"90":{"start":{"line":446,"column":4},"end":{"line":449,"column":5}},"91":{"start":{"line":448,"column":8},"end":{"line":448,"column":22}},"92":{"start":{"line":451,"column":4},"end":{"line":455,"column":7}},"93":{"start":{"line":457,"column":4},"end":{"line":460,"column":5}},"94":{"start":{"line":459,"column":8},"end":{"line":459,"column":51}},"95":{"start":{"line":462,"column":4},"end":{"line":462,"column":26}},"96":{"start":{"line":463,"column":4},"end":{"line":463,"column":29}},"97":{"start":{"line":464,"column":4},"end":{"line":464,"column":49}},"98":{"start":{"line":465,"column":4},"end":{"line":465,"column":17}},"99":{"start":{"line":467,"column":4},"end":{"line":482,"column":7}},"100":{"start":{"line":469,"column":8},"end":{"line":469,"column":40}},"101":{"start":{"line":471,"column":8},"end":{"line":474,"column":9}},"102":{"start":{"line":473,"column":12},"end":{"line":473,"column":55}},"103":{"start":{"line":476,"column":8},"end":{"line":479,"column":9}},"104":{"start":{"line":478,"column":12},"end":{"line":478,"column":51}},"105":{"start":{"line":481,"column":8},"end":{"line":481,"column":15}},"106":{"start":{"line":505,"column":0},"end":{"line":627,"column":2}},"107":{"start":{"line":507,"column":4},"end":{"line":512,"column":5}},"108":{"start":{"line":509,"column":8},"end":{"line":509,"column":19}},"109":{"start":{"line":510,"column":8},"end":{"line":510,"column":26}},"110":{"start":{"line":511,"column":8},"end":{"line":511,"column":28}},"111":{"start":{"line":514,"column":4},"end":{"line":514,"column":40}},"112":{"start":{"line":516,"column":4},"end":{"line":519,"column":5}},"113":{"start":{"line":518,"column":8},"end":{"line":518,"column":44}},"114":{"start":{"line":521,"column":4},"end":{"line":533,"column":5}},"115":{"start":{"line":523,"column":8},"end":{"line":532,"column":9}},"116":{"start":{"line":525,"column":12},"end":{"line":525,"column":25}},"117":{"start":{"line":526,"column":12},"end":{"line":526,"column":22}},"118":{"start":{"line":527,"column":12},"end":{"line":527,"column":29}},"119":{"start":{"line":529,"column":13},"end":{"line":532,"column":9}},"120":{"start":{"line":531,"column":12},"end":{"line":531,"column":43}},"121":{"start":{"line":535,"column":4},"end":{"line":597,"column":5}},"122":{"start":{"line":537,"column":8},"end":{"line":546,"column":10}},"123":{"start":{"line":539,"column":12},"end":{"line":543,"column":13}},"124":{"start":{"line":541,"column":16},"end":{"line":541,"column":34}},"125":{"start":{"line":542,"column":16},"end":{"line":542,"column":37}},"126":{"start":{"line":545,"column":12},"end":{"line":545,"column":23}},"127":{"start":{"line":548,"column":8},"end":{"line":551,"column":9}},"128":{"start":{"line":550,"column":12},"end":{"line":550,"column":26}},"129":{"start":{"line":553,"column":8},"end":{"line":553,"column":51}},"130":{"start":{"line":557,"column":8},"end":{"line":584,"column":10}},"131":{"start":{"line":559,"column":12},"end":{"line":581,"column":13}},"132":{"start":{"line":561,"column":16},"end":{"line":561,"column":52}},"133":{"start":{"line":563,"column":16},"end":{"line":578,"column":17}},"134":{"start":{"line":565,"column":20},"end":{"line":572,"column":21}},"135":{"start":{"line":567,"column":24},"end":{"line":567,"column":41}},"136":{"start":{"line":571,"column":24},"end":{"line":571,"column":49}},"137":{"start":{"line":574,"column":20},"end":{"line":577,"column":21}},"138":{"start":{"line":576,"column":24},"end":{"line":576,"column":48}},"139":{"start":{"line":580,"column":16},"end":{"line":580,"column":52}},"140":{"start":{"line":583,"column":12},"end":{"line":583,"column":23}},"141":{"start":{"line":586,"column":8},"end":{"line":586,"column":45}},"142":{"start":{"line":588,"column":8},"end":{"line":593,"column":9}},"143":{"start":{"line":592,"column":12},"end":{"line":592,"column":26}},"144":{"start":{"line":595,"column":8},"end":{"line":596,"column":59}},"145":{"start":{"line":599,"column":4},"end":{"line":599,"column":59}},"146":{"start":{"line":601,"column":4},"end":{"line":604,"column":5}},"147":{"start":{"line":603,"column":8},"end":{"line":603,"column":51}},"148":{"start":{"line":606,"column":4},"end":{"line":606,"column":26}},"149":{"start":{"line":607,"column":4},"end":{"line":607,"column":29}},"150":{"start":{"line":608,"column":4},"end":{"line":608,"column":49}},"151":{"start":{"line":609,"column":4},"end":{"line":609,"column":17}},"152":{"start":{"line":611,"column":4},"end":{"line":626,"column":7}},"153":{"start":{"line":613,"column":8},"end":{"line":613,"column":40}},"154":{"start":{"line":615,"column":8},"end":{"line":618,"column":9}},"155":{"start":{"line":617,"column":12},"end":{"line":617,"column":55}},"156":{"start":{"line":620,"column":8},"end":{"line":623,"column":9}},"157":{"start":{"line":622,"column":12},"end":{"line":622,"column":51}},"158":{"start":{"line":625,"column":8},"end":{"line":625,"column":15}},"159":{"start":{"line":655,"column":0},"end":{"line":730,"column":2}},"160":{"start":{"line":657,"column":4},"end":{"line":661,"column":5}},"161":{"start":{"line":659,"column":8},"end":{"line":659,"column":21}},"162":{"start":{"line":660,"column":8},"end":{"line":660,"column":28}},"163":{"start":{"line":663,"column":4},"end":{"line":666,"column":5}},"164":{"start":{"line":665,"column":8},"end":{"line":665,"column":43}},"165":{"start":{"line":668,"column":4},"end":{"line":668,"column":28}},"166":{"start":{"line":670,"column":4},"end":{"line":670,"column":32}},"167":{"start":{"line":672,"column":4},"end":{"line":672,"column":41}},"168":{"start":{"line":674,"column":4},"end":{"line":676,"column":27}},"169":{"start":{"line":678,"column":4},"end":{"line":682,"column":5}},"170":{"start":{"line":680,"column":8},"end":{"line":680,"column":34}},"171":{"start":{"line":681,"column":8},"end":{"line":681,"column":53}},"172":{"start":{"line":684,"column":4},"end":{"line":684,"column":42}},"173":{"start":{"line":686,"column":4},"end":{"line":687,"column":78}},"174":{"start":{"line":689,"column":4},"end":{"line":692,"column":5}},"175":{"start":{"line":691,"column":8},"end":{"line":691,"column":51}},"176":{"start":{"line":694,"column":4},"end":{"line":694,"column":26}},"177":{"start":{"line":695,"column":4},"end":{"line":695,"column":29}},"178":{"start":{"line":696,"column":4},"end":{"line":696,"column":49}},"179":{"start":{"line":698,"column":4},"end":{"line":710,"column":5}},"180":{"start":{"line":700,"column":8},"end":{"line":709,"column":9}},"181":{"start":{"line":702,"column":12},"end":{"line":702,"column":25}},"182":{"start":{"line":703,"column":12},"end":{"line":703,"column":22}},"183":{"start":{"line":704,"column":12},"end":{"line":704,"column":29}},"184":{"start":{"line":706,"column":13},"end":{"line":709,"column":9}},"185":{"start":{"line":708,"column":12},"end":{"line":708,"column":43}},"186":{"start":{"line":712,"column":4},"end":{"line":727,"column":7}},"187":{"start":{"line":714,"column":8},"end":{"line":714,"column":40}},"188":{"start":{"line":716,"column":8},"end":{"line":719,"column":9}},"189":{"start":{"line":718,"column":12},"end":{"line":718,"column":55}},"190":{"start":{"line":721,"column":8},"end":{"line":724,"column":9}},"191":{"start":{"line":723,"column":12},"end":{"line":723,"column":51}},"192":{"start":{"line":726,"column":8},"end":{"line":726,"column":15}},"193":{"start":{"line":729,"column":4},"end":{"line":729,"column":18}},"194":{"start":{"line":732,"column":0},"end":{"line":732,"column":40}}},"branchMap":{"1":{"line":217,"type":"binary-expr","locations":[{"start":{"line":217,"column":14},"end":{"line":217,"column":21}},{"start":{"line":217,"column":25},"end":{"line":217,"column":27}}]},"2":{"line":235,"type":"if","locations":[{"start":{"line":235,"column":8},"end":{"line":235,"column":8}},{"start":{"line":235,"column":8},"end":{"line":235,"column":8}}]},"3":{"line":246,"type":"if","locations":[{"start":{"line":246,"column":12},"end":{"line":246,"column":12}},{"start":{"line":246,"column":12},"end":{"line":246,"column":12}}]},"4":{"line":259,"type":"if","locations":[{"start":{"line":259,"column":8},"end":{"line":259,"column":8}},{"start":{"line":259,"column":8},"end":{"line":259,"column":8}}]},"5":{"line":289,"type":"if","locations":[{"start":{"line":289,"column":8},"end":{"line":289,"column":8}},{"start":{"line":289,"column":8},"end":{"line":289,"column":8}}]},"6":{"line":295,"type":"if","locations":[{"start":{"line":295,"column":8},"end":{"line":295,"column":8}},{"start":{"line":295,"column":8},"end":{"line":295,"column":8}}]},"7":{"line":304,"type":"if","locations":[{"start":{"line":304,"column":8},"end":{"line":304,"column":8}},{"start":{"line":304,"column":8},"end":{"line":304,"column":8}}]},"8":{"line":316,"type":"if","locations":[{"start":{"line":316,"column":8},"end":{"line":316,"column":8}},{"start":{"line":316,"column":8},"end":{"line":316,"column":8}}]},"9":{"line":320,"type":"if","locations":[{"start":{"line":320,"column":12},"end":{"line":320,"column":12}},{"start":{"line":320,"column":12},"end":{"line":320,"column":12}}]},"10":{"line":332,"type":"if","locations":[{"start":{"line":332,"column":8},"end":{"line":332,"column":8}},{"start":{"line":332,"column":8},"end":{"line":332,"column":8}}]},"11":{"line":339,"type":"if","locations":[{"start":{"line":339,"column":12},"end":{"line":339,"column":12}},{"start":{"line":339,"column":12},"end":{"line":339,"column":12}}]},"12":{"line":345,"type":"if","locations":[{"start":{"line":345,"column":12},"end":{"line":345,"column":12}},{"start":{"line":345,"column":12},"end":{"line":345,"column":12}}]},"13":{"line":350,"type":"if","locations":[{"start":{"line":350,"column":12},"end":{"line":350,"column":12}},{"start":{"line":350,"column":12},"end":{"line":350,"column":12}}]},"14":{"line":353,"type":"cond-expr","locations":[{"start":{"line":353,"column":39},"end":{"line":353,"column":40}},{"start":{"line":353,"column":43},"end":{"line":353,"column":44}}]},"15":{"line":361,"type":"if","locations":[{"start":{"line":361,"column":12},"end":{"line":361,"column":12}},{"start":{"line":361,"column":12},"end":{"line":361,"column":12}}]},"16":{"line":413,"type":"if","locations":[{"start":{"line":413,"column":4},"end":{"line":413,"column":4}},{"start":{"line":413,"column":4},"end":{"line":413,"column":4}}]},"17":{"line":420,"type":"if","locations":[{"start":{"line":420,"column":8},"end":{"line":420,"column":8}},{"start":{"line":420,"column":8},"end":{"line":420,"column":8}}]},"18":{"line":424,"type":"if","locations":[{"start":{"line":424,"column":12},"end":{"line":424,"column":12}},{"start":{"line":424,"column":12},"end":{"line":424,"column":12}}]},"19":{"line":434,"type":"if","locations":[{"start":{"line":434,"column":8},"end":{"line":434,"column":8}},{"start":{"line":434,"column":8},"end":{"line":434,"column":8}}]},"20":{"line":440,"type":"if","locations":[{"start":{"line":440,"column":13},"end":{"line":440,"column":13}},{"start":{"line":440,"column":13},"end":{"line":440,"column":13}}]},"21":{"line":446,"type":"if","locations":[{"start":{"line":446,"column":4},"end":{"line":446,"column":4}},{"start":{"line":446,"column":4},"end":{"line":446,"column":4}}]},"22":{"line":471,"type":"if","locations":[{"start":{"line":471,"column":8},"end":{"line":471,"column":8}},{"start":{"line":471,"column":8},"end":{"line":471,"column":8}}]},"23":{"line":476,"type":"if","locations":[{"start":{"line":476,"column":8},"end":{"line":476,"column":8}},{"start":{"line":476,"column":8},"end":{"line":476,"column":8}}]},"24":{"line":507,"type":"if","locations":[{"start":{"line":507,"column":4},"end":{"line":507,"column":4}},{"start":{"line":507,"column":4},"end":{"line":507,"column":4}}]},"25":{"line":516,"type":"if","locations":[{"start":{"line":516,"column":4},"end":{"line":516,"column":4}},{"start":{"line":516,"column":4},"end":{"line":516,"column":4}}]},"26":{"line":523,"type":"if","locations":[{"start":{"line":523,"column":8},"end":{"line":523,"column":8}},{"start":{"line":523,"column":8},"end":{"line":523,"column":8}}]},"27":{"line":529,"type":"if","locations":[{"start":{"line":529,"column":13},"end":{"line":529,"column":13}},{"start":{"line":529,"column":13},"end":{"line":529,"column":13}}]},"28":{"line":535,"type":"if","locations":[{"start":{"line":535,"column":4},"end":{"line":535,"column":4}},{"start":{"line":535,"column":4},"end":{"line":535,"column":4}}]},"29":{"line":539,"type":"if","locations":[{"start":{"line":539,"column":12},"end":{"line":539,"column":12}},{"start":{"line":539,"column":12},"end":{"line":539,"column":12}}]},"30":{"line":548,"type":"if","locations":[{"start":{"line":548,"column":8},"end":{"line":548,"column":8}},{"start":{"line":548,"column":8},"end":{"line":548,"column":8}}]},"31":{"line":559,"type":"if","locations":[{"start":{"line":559,"column":12},"end":{"line":559,"column":12}},{"start":{"line":559,"column":12},"end":{"line":559,"column":12}}]},"32":{"line":563,"type":"if","locations":[{"start":{"line":563,"column":16},"end":{"line":563,"column":16}},{"start":{"line":563,"column":16},"end":{"line":563,"column":16}}]},"33":{"line":565,"type":"if","locations":[{"start":{"line":565,"column":20},"end":{"line":565,"column":20}},{"start":{"line":565,"column":20},"end":{"line":565,"column":20}}]},"34":{"line":574,"type":"if","locations":[{"start":{"line":574,"column":20},"end":{"line":574,"column":20}},{"start":{"line":574,"column":20},"end":{"line":574,"column":20}}]},"35":{"line":588,"type":"if","locations":[{"start":{"line":588,"column":8},"end":{"line":588,"column":8}},{"start":{"line":588,"column":8},"end":{"line":588,"column":8}}]},"36":{"line":588,"type":"binary-expr","locations":[{"start":{"line":588,"column":12},"end":{"line":588,"column":21}},{"start":{"line":589,"column":14},"end":{"line":589,"column":35}},{"start":{"line":590,"column":15},"end":{"line":590,"column":32}},{"start":{"line":590,"column":37},"end":{"line":590,"column":59}}]},"37":{"line":615,"type":"if","locations":[{"start":{"line":615,"column":8},"end":{"line":615,"column":8}},{"start":{"line":615,"column":8},"end":{"line":615,"column":8}}]},"38":{"line":620,"type":"if","locations":[{"start":{"line":620,"column":8},"end":{"line":620,"column":8}},{"start":{"line":620,"column":8},"end":{"line":620,"column":8}}]},"39":{"line":657,"type":"if","locations":[{"start":{"line":657,"column":4},"end":{"line":657,"column":4}},{"start":{"line":657,"column":4},"end":{"line":657,"column":4}}]},"40":{"line":663,"type":"if","locations":[{"start":{"line":663,"column":4},"end":{"line":663,"column":4}},{"start":{"line":663,"column":4},"end":{"line":663,"column":4}}]},"41":{"line":668,"type":"binary-expr","locations":[{"start":{"line":668,"column":14},"end":{"line":668,"column":21}},{"start":{"line":668,"column":25},"end":{"line":668,"column":27}}]},"42":{"line":674,"type":"cond-expr","locations":[{"start":{"line":674,"column":42},"end":{"line":674,"column":43}},{"start":{"line":674,"column":46},"end":{"line":674,"column":47}}]},"43":{"line":675,"type":"cond-expr","locations":[{"start":{"line":675,"column":40},"end":{"line":675,"column":41}},{"start":{"line":675,"column":44},"end":{"line":675,"column":45}}]},"44":{"line":678,"type":"if","locations":[{"start":{"line":678,"column":4},"end":{"line":678,"column":4}},{"start":{"line":678,"column":4},"end":{"line":678,"column":4}}]},"45":{"line":700,"type":"if","locations":[{"start":{"line":700,"column":8},"end":{"line":700,"column":8}},{"start":{"line":700,"column":8},"end":{"line":700,"column":8}}]},"46":{"line":706,"type":"if","locations":[{"start":{"line":706,"column":13},"end":{"line":706,"column":13}},{"start":{"line":706,"column":13},"end":{"line":706,"column":13}}]},"47":{"line":716,"type":"if","locations":[{"start":{"line":716,"column":8},"end":{"line":716,"column":8}},{"start":{"line":716,"column":8},"end":{"line":716,"column":8}}]},"48":{"line":721,"type":"if","locations":[{"start":{"line":721,"column":8},"end":{"line":721,"column":8}},{"start":{"line":721,"column":8},"end":{"line":721,"column":8}}]}}},"/home/david/mqlobber/lib/server.js":{"path":"/home/david/mqlobber/lib/server.js","s":{"1":1,"2":1,"3":1874,"4":1874,"5":1874,"6":1874,"7":1874,"8":1874,"9":1874,"10":1,"11":4,"12":1,"13":5105,"14":36,"15":1874,"16":1874,"17":1874,"18":495703,"19":2,"20":1874,"21":1874,"22":1874,"23":1874,"24":440359,"25":440359,"26":424228,"27":440359,"28":440359,"29":440359,"30":440357,"31":440357,"32":440357,"33":440357,"34":440359,"35":1,"36":440353,"37":440353,"38":440353,"39":440355,"40":440357,"41":440355,"42":2,"43":440353,"44":16131,"45":2,"46":16131,"47":16131,"48":16129,"49":16129,"50":2,"51":16127,"52":9,"53":16118,"54":16118,"55":440353,"56":440359,"57":440342,"58":1874,"59":1874,"60":1,"61":2,"62":1874,"63":1874,"64":1872,"65":1872,"66":1872,"67":1872,"68":499815,"69":440357,"70":59458,"71":6,"72":6,"73":2,"74":2,"75":2,"76":2,"77":2,"78":4,"79":2,"80":4,"81":2,"82":59458,"83":59458,"84":1,"85":59454,"86":32,"87":59454,"88":59454,"89":59454,"90":59454,"91":14100,"92":19146,"93":14100,"94":5046,"95":59458,"96":4,"97":59454,"98":59454,"99":3576,"100":3576,"101":3566,"102":3576,"103":264,"104":264,"105":256,"106":264,"107":266,"108":262,"109":266,"110":55346,"111":2,"112":55344,"113":55344,"114":55344,"115":9116,"116":9116,"117":2,"118":9114,"119":55342,"120":55342,"121":50290,"122":55342,"123":2,"124":2,"125":1872,"126":1,"127":1,"128":3584,"129":1,"130":3584,"131":3580,"132":4,"133":2,"134":3584,"135":3320,"136":3320,"137":3316,"138":3320,"139":264,"140":1,"141":2404,"142":266,"143":266,"144":2404,"145":1,"146":2404,"147":528,"148":1876,"149":2,"150":2404,"151":2142,"152":3062,"153":3062,"154":4,"155":3058,"156":3058,"157":5200,"158":3062,"159":2138,"160":2142,"161":262,"162":260,"163":260,"164":258,"165":260,"166":2,"167":1},"b":{"1":[1874,2],"2":[36,5069],"3":[2,495701],"4":[424228,16131],"5":[16131,424228],"6":[440357,2],"7":[440357,2],"8":[440355,2],"9":[16131,424222],"10":[2,16127],"11":[9,16118],"12":[440342,17],"13":[440357,59458],"14":[2,2,2],"15":[32,59422],"16":[32,59422],"17":[14100,5046],"18":[4,59454],"19":[3576,264,266,55346,2],"20":[3566,10],"21":[3576,3574],"22":[256,8],"23":[262,4],"24":[2,55344],"25":[9116,46228],"26":[2,9114],"27":[2,9112],"28":[50290,5052],"29":[55342,55340],"30":[3580,4],"31":[2,2],"32":[3320,264],"33":[3584,3584],"34":[3316,4],"35":[266,2138],"36":[528,1876],"37":[2,1874],"38":[2142,262],"39":[4,3058],"40":[260,2],"41":[258,2]},"f":{"1":1874,"2":4,"3":5105,"4":495703,"5":1874,"6":440359,"7":440353,"8":440355,"9":2,"10":16129,"11":2,"12":1872,"13":499815,"14":6,"15":59454,"16":14100,"17":3584,"18":3584,"19":3320,"20":2404,"21":2404,"22":3062,"23":3062,"24":5200,"25":260},"fnMap":{"1":{"name":"MQlobberServer","line":35,"loc":{"start":{"line":35,"column":0},"end":{"line":36,"column":0}}},"2":{"name":"error","line":51,"loc":{"start":{"line":51,"column":4},"end":{"line":52,"column":4}}},"3":{"name":"warning","line":57,"loc":{"start":{"line":57,"column":4},"end":{"line":58,"column":4}}},"4":{"name":"(anonymous_4)","line":69,"loc":{"start":{"line":69,"column":34},"end":{"line":70,"column":4}}},"5":{"name":"(anonymous_5)","line":77,"loc":{"start":{"line":77,"column":26},"end":{"line":78,"column":4}}},"6":{"name":"(anonymous_6)","line":83,"loc":{"start":{"line":83,"column":19},"end":{"line":84,"column":4}}},"7":{"name":"multiplex","line":110,"loc":{"start":{"line":110,"column":8},"end":{"line":111,"column":8}}},"8":{"name":"(anonymous_8)","line":119,"loc":{"start":{"line":119,"column":34},"end":{"line":120,"column":12}}},"9":{"name":"(anonymous_9)","line":134,"loc":{"start":{"line":134,"column":26},"end":{"line":135,"column":16}}},"10":{"name":"(anonymous_10)","line":141,"loc":{"start":{"line":141,"column":39},"end":{"line":142,"column":16}}},"11":{"name":"end","line":173,"loc":{"start":{"line":173,"column":4},"end":{"line":174,"column":4}}},"12":{"name":"(anonymous_12)","line":181,"loc":{"start":{"line":181,"column":31},"end":{"line":182,"column":4}}},"13":{"name":"(anonymous_13)","line":188,"loc":{"start":{"line":188,"column":29},"end":{"line":189,"column":8}}},"14":{"name":"(anonymous_14)","line":196,"loc":{"start":{"line":196,"column":31},"end":{"line":197,"column":12}}},"15":{"name":"done","line":227,"loc":{"start":{"line":227,"column":12},"end":{"line":228,"column":12}}},"16":{"name":"(anonymous_16)","line":238,"loc":{"start":{"line":238,"column":38},"end":{"line":239,"column":16}}},"17":{"name":"(anonymous_17)","line":351,"loc":{"start":{"line":351,"column":37},"end":{"line":352,"column":0}}},"18":{"name":"cb2","line":355,"loc":{"start":{"line":355,"column":4},"end":{"line":356,"column":4}}},"19":{"name":"(anonymous_19)","line":369,"loc":{"start":{"line":369,"column":48},"end":{"line":370,"column":8}}},"20":{"name":"(anonymous_20)","line":395,"loc":{"start":{"line":395,"column":39},"end":{"line":396,"column":0}}},"21":{"name":"cb2","line":405,"loc":{"start":{"line":405,"column":4},"end":{"line":406,"column":4}}},"22":{"name":"(anonymous_22)","line":419,"loc":{"start":{"line":419,"column":20},"end":{"line":420,"column":8}}},"23":{"name":"(anonymous_23)","line":421,"loc":{"start":{"line":421,"column":48},"end":{"line":422,"column":12}}},"24":{"name":"(anonymous_24)","line":435,"loc":{"start":{"line":435,"column":15},"end":{"line":436,"column":8}}},"25":{"name":"(anonymous_25)","line":448,"loc":{"start":{"line":448,"column":50},"end":{"line":449,"column":8}}}},"statementMap":{"1":{"start":{"line":3,"column":0},"end":{"line":9,"column":21}},"2":{"start":{"line":35,"column":0},"end":{"line":330,"column":1}},"3":{"start":{"line":37,"column":4},"end":{"line":37,"column":28}},"4":{"start":{"line":39,"column":4},"end":{"line":39,"column":28}},"5":{"start":{"line":41,"column":4},"end":{"line":41,"column":19}},"6":{"start":{"line":42,"column":4},"end":{"line":42,"column":27}},"7":{"start":{"line":43,"column":4},"end":{"line":43,"column":23}},"8":{"start":{"line":44,"column":4},"end":{"line":47,"column":19}},"9":{"start":{"line":49,"column":4},"end":{"line":49,"column":19}},"10":{"start":{"line":51,"column":4},"end":{"line":55,"column":5}},"11":{"start":{"line":54,"column":8},"end":{"line":54,"column":37}},"12":{"start":{"line":57,"column":4},"end":{"line":64,"column":5}},"13":{"start":{"line":60,"column":8},"end":{"line":63,"column":9}},"14":{"start":{"line":62,"column":12},"end":{"line":62,"column":31}},"15":{"start":{"line":65,"column":4},"end":{"line":65,"column":28}},"16":{"start":{"line":67,"column":4},"end":{"line":67,"column":32}},"17":{"start":{"line":69,"column":4},"end":{"line":75,"column":7}},"18":{"start":{"line":71,"column":8},"end":{"line":74,"column":9}},"19":{"start":{"line":73,"column":12},"end":{"line":73,"column":32}},"20":{"start":{"line":77,"column":4},"end":{"line":81,"column":7}},"21":{"start":{"line":79,"column":8},"end":{"line":79,"column":26}},"22":{"start":{"line":80,"column":8},"end":{"line":80,"column":25}},"23":{"start":{"line":83,"column":4},"end":{"line":168,"column":6}},"24":{"start":{"line":85,"column":8},"end":{"line":85,"column":34}},"25":{"start":{"line":87,"column":8},"end":{"line":90,"column":9}},"26":{"start":{"line":89,"column":12},"end":{"line":89,"column":31}},"27":{"start":{"line":92,"column":8},"end":{"line":92,"column":36}},"28":{"start":{"line":94,"column":8},"end":{"line":96,"column":31}},"29":{"start":{"line":98,"column":8},"end":{"line":106,"column":9}},"30":{"start":{"line":100,"column":12},"end":{"line":100,"column":58}},"31":{"start":{"line":101,"column":12},"end":{"line":101,"column":38}},"32":{"start":{"line":104,"column":12},"end":{"line":104,"column":77}},"33":{"start":{"line":105,"column":12},"end":{"line":105,"column":65}},"34":{"start":{"line":108,"column":8},"end":{"line":108,"column":51}},"35":{"start":{"line":110,"column":8},"end":{"line":162,"column":9}},"36":{"start":{"line":112,"column":12},"end":{"line":115,"column":15}},"37":{"start":{"line":117,"column":12},"end":{"line":117,"column":35}},"38":{"start":{"line":119,"column":12},"end":{"line":130,"column":15}},"39":{"start":{"line":121,"column":16},"end":{"line":129,"column":17}},"40":{"start":{"line":123,"column":20},"end":{"line":126,"column":21}},"41":{"start":{"line":125,"column":24},"end":{"line":125,"column":30}},"42":{"start":{"line":128,"column":20},"end":{"line":128,"column":69}},"43":{"start":{"line":132,"column":12},"end":{"line":159,"column":13}},"44":{"start":{"line":134,"column":16},"end":{"line":137,"column":18}},"45":{"start":{"line":136,"column":20},"end":{"line":136,"column":61}},"46":{"start":{"line":139,"column":16},"end":{"line":139,"column":38}},"47":{"start":{"line":141,"column":16},"end":{"line":158,"column":19}},"48":{"start":{"line":143,"column":20},"end":{"line":143,"column":52}},"49":{"start":{"line":145,"column":20},"end":{"line":148,"column":21}},"50":{"start":{"line":147,"column":24},"end":{"line":147,"column":65}},"51":{"start":{"line":150,"column":20},"end":{"line":153,"column":21}},"52":{"start":{"line":152,"column":24},"end":{"line":152,"column":61}},"53":{"start":{"line":155,"column":20},"end":{"line":155,"column":42}},"54":{"start":{"line":157,"column":20},"end":{"line":157,"column":25}},"55":{"start":{"line":161,"column":12},"end":{"line":161,"column":26}},"56":{"start":{"line":164,"column":8},"end":{"line":167,"column":9}},"57":{"start":{"line":166,"column":12},"end":{"line":166,"column":35}},"58":{"start":{"line":170,"column":4},"end":{"line":170,"column":38}},"59":{"start":{"line":171,"column":4},"end":{"line":171,"column":40}},"60":{"start":{"line":173,"column":4},"end":{"line":177,"column":5}},"61":{"start":{"line":176,"column":8},"end":{"line":176,"column":65}},"62":{"start":{"line":179,"column":4},"end":{"line":179,"column":28}},"63":{"start":{"line":181,"column":4},"end":{"line":329,"column":7}},"64":{"start":{"line":183,"column":8},"end":{"line":183,"column":40}},"65":{"start":{"line":185,"column":8},"end":{"line":185,"column":36}},"66":{"start":{"line":186,"column":8},"end":{"line":186,"column":21}},"67":{"start":{"line":188,"column":8},"end":{"line":326,"column":11}},"68":{"start":{"line":190,"column":12},"end":{"line":194,"column":13}},"69":{"start":{"line":193,"column":16},"end":{"line":193,"column":23}},"70":{"start":{"line":196,"column":12},"end":{"line":221,"column":15}},"71":{"start":{"line":198,"column":16},"end":{"line":198,"column":40}},"72":{"start":{"line":200,"column":16},"end":{"line":220,"column":17}},"73":{"start":{"line":203,"column":24},"end":{"line":203,"column":30}},"74":{"start":{"line":206,"column":24},"end":{"line":206,"column":69}},"75":{"start":{"line":207,"column":24},"end":{"line":207,"column":30}},"76":{"start":{"line":210,"column":24},"end":{"line":210,"column":52}},"77":{"start":{"line":211,"column":24},"end":{"line":214,"column":25}},"78":{"start":{"line":213,"column":28},"end":{"line":213,"column":44}},"79":{"start":{"line":215,"column":24},"end":{"line":218,"column":25}},"80":{"start":{"line":217,"column":28},"end":{"line":217,"column":52}},"81":{"start":{"line":219,"column":24},"end":{"line":219,"column":30}},"82":{"start":{"line":223,"column":12},"end":{"line":223,"column":25}},"83":{"start":{"line":225,"column":12},"end":{"line":225,"column":36}},"84":{"start":{"line":227,"column":12},"end":{"line":250,"column":13}},"85":{"start":{"line":229,"column":16},"end":{"line":232,"column":17}},"86":{"start":{"line":231,"column":20},"end":{"line":231,"column":46}},"87":{"start":{"line":234,"column":16},"end":{"line":234,"column":42}},"88":{"start":{"line":235,"column":16},"end":{"line":235,"column":46}},"89":{"start":{"line":236,"column":16},"end":{"line":236,"column":33}},"90":{"start":{"line":238,"column":16},"end":{"line":249,"column":19}},"91":{"start":{"line":240,"column":20},"end":{"line":248,"column":21}},"92":{"start":{"line":242,"column":24},"end":{"line":245,"column":25}},"93":{"start":{"line":244,"column":28},"end":{"line":244,"column":34}},"94":{"start":{"line":247,"column":24},"end":{"line":247,"column":73}},"95":{"start":{"line":252,"column":12},"end":{"line":255,"column":13}},"96":{"start":{"line":254,"column":16},"end":{"line":254,"column":59}},"97":{"start":{"line":257,"column":12},"end":{"line":258,"column":22}},"98":{"start":{"line":260,"column":12},"end":{"line":325,"column":13}},"99":{"start":{"line":263,"column":20},"end":{"line":263,"column":54}},"100":{"start":{"line":264,"column":20},"end":{"line":268,"column":21}},"101":{"start":{"line":267,"column":24},"end":{"line":267,"column":51}},"102":{"start":{"line":269,"column":20},"end":{"line":269,"column":26}},"103":{"start":{"line":272,"column":20},"end":{"line":272,"column":54}},"104":{"start":{"line":273,"column":20},"end":{"line":276,"column":21}},"105":{"start":{"line":275,"column":24},"end":{"line":275,"column":53}},"106":{"start":{"line":277,"column":20},"end":{"line":277,"column":26}},"107":{"start":{"line":280,"column":20},"end":{"line":283,"column":21}},"108":{"start":{"line":282,"column":24},"end":{"line":282,"column":46}},"109":{"start":{"line":284,"column":20},"end":{"line":284,"column":26}},"110":{"start":{"line":287,"column":20},"end":{"line":290,"column":21}},"111":{"start":{"line":289,"column":24},"end":{"line":289,"column":67}},"112":{"start":{"line":292,"column":20},"end":{"line":294,"column":32}},"113":{"start":{"line":296,"column":20},"end":{"line":296,"column":51}},"114":{"start":{"line":298,"column":20},"end":{"line":310,"column":21}},"115":{"start":{"line":300,"column":24},"end":{"line":300,"column":33}},"116":{"start":{"line":302,"column":24},"end":{"line":305,"column":25}},"117":{"start":{"line":304,"column":28},"end":{"line":304,"column":71}},"118":{"start":{"line":307,"column":24},"end":{"line":309,"column":68}},"119":{"start":{"line":312,"column":20},"end":{"line":312,"column":56}},"120":{"start":{"line":314,"column":20},"end":{"line":318,"column":21}},"121":{"start":{"line":317,"column":24},"end":{"line":317,"column":75}},"122":{"start":{"line":320,"column":20},"end":{"line":320,"column":26}},"123":{"start":{"line":323,"column":20},"end":{"line":323,"column":61}},"124":{"start":{"line":324,"column":20},"end":{"line":324,"column":26}},"125":{"start":{"line":328,"column":8},"end":{"line":328,"column":44}},"126":{"start":{"line":332,"column":0},"end":{"line":332,"column":44}},"127":{"start":{"line":351,"column":0},"end":{"line":382,"column":2}},"128":{"start":{"line":353,"column":4},"end":{"line":353,"column":19}},"129":{"start":{"line":355,"column":4},"end":{"line":365,"column":5}},"130":{"start":{"line":357,"column":8},"end":{"line":364,"column":9}},"131":{"start":{"line":359,"column":12},"end":{"line":359,"column":20}},"132":{"start":{"line":361,"column":13},"end":{"line":364,"column":9}},"133":{"start":{"line":363,"column":12},"end":{"line":363,"column":30}},"134":{"start":{"line":367,"column":4},"end":{"line":381,"column":5}},"135":{"start":{"line":369,"column":8},"end":{"line":376,"column":11}},"136":{"start":{"line":371,"column":12},"end":{"line":374,"column":13}},"137":{"start":{"line":373,"column":16},"end":{"line":373,"column":37}},"138":{"start":{"line":375,"column":12},"end":{"line":375,"column":21}},"139":{"start":{"line":380,"column":8},"end":{"line":380,"column":14}},"140":{"start":{"line":395,"column":0},"end":{"line":461,"column":2}},"141":{"start":{"line":397,"column":4},"end":{"line":401,"column":5}},"142":{"start":{"line":399,"column":8},"end":{"line":399,"column":19}},"143":{"start":{"line":400,"column":8},"end":{"line":400,"column":26}},"144":{"start":{"line":403,"column":4},"end":{"line":403,"column":19}},"145":{"start":{"line":405,"column":4},"end":{"line":415,"column":5}},"146":{"start":{"line":407,"column":8},"end":{"line":414,"column":9}},"147":{"start":{"line":409,"column":12},"end":{"line":409,"column":20}},"148":{"start":{"line":411,"column":13},"end":{"line":414,"column":9}},"149":{"start":{"line":413,"column":12},"end":{"line":413,"column":30}},"150":{"start":{"line":417,"column":4},"end":{"line":460,"column":5}},"151":{"start":{"line":419,"column":8},"end":{"line":442,"column":10}},"152":{"start":{"line":421,"column":12},"end":{"line":432,"column":15}},"153":{"start":{"line":423,"column":16},"end":{"line":431,"column":17}},"154":{"start":{"line":425,"column":20},"end":{"line":425,"column":29}},"155":{"start":{"line":429,"column":20},"end":{"line":429,"column":40}},"156":{"start":{"line":430,"column":20},"end":{"line":430,"column":43}},"157":{"start":{"line":437,"column":12},"end":{"line":440,"column":13}},"158":{"start":{"line":439,"column":16},"end":{"line":439,"column":32}},"159":{"start":{"line":441,"column":12},"end":{"line":441,"column":18}},"160":{"start":{"line":444,"column":8},"end":{"line":444,"column":15}},"161":{"start":{"line":446,"column":9},"end":{"line":460,"column":5}},"162":{"start":{"line":448,"column":8},"end":{"line":455,"column":11}},"163":{"start":{"line":450,"column":12},"end":{"line":453,"column":13}},"164":{"start":{"line":452,"column":16},"end":{"line":452,"column":40}},"165":{"start":{"line":454,"column":12},"end":{"line":454,"column":21}},"166":{"start":{"line":459,"column":8},"end":{"line":459,"column":14}},"167":{"start":{"line":463,"column":0},"end":{"line":463,"column":40}}},"branchMap":{"1":{"line":39,"type":"binary-expr","locations":[{"start":{"line":39,"column":14},"end":{"line":39,"column":21}},{"start":{"line":39,"column":25},"end":{"line":39,"column":27}}]},"2":{"line":60,"type":"if","locations":[{"start":{"line":60,"column":8},"end":{"line":60,"column":8}},{"start":{"line":60,"column":8},"end":{"line":60,"column":8}}]},"3":{"line":71,"type":"if","locations":[{"start":{"line":71,"column":8},"end":{"line":71,"column":8}},{"start":{"line":71,"column":8},"end":{"line":71,"column":8}}]},"4":{"line":87,"type":"if","locations":[{"start":{"line":87,"column":8},"end":{"line":87,"column":8}},{"start":{"line":87,"column":8},"end":{"line":87,"column":8}}]},"5":{"line":94,"type":"cond-expr","locations":[{"start":{"line":94,"column":43},"end":{"line":94,"column":44}},{"start":{"line":94,"column":47},"end":{"line":94,"column":48}}]},"6":{"line":95,"type":"cond-expr","locations":[{"start":{"line":95,"column":53},"end":{"line":95,"column":54}},{"start":{"line":95,"column":57},"end":{"line":95,"column":58}}]},"7":{"line":98,"type":"if","locations":[{"start":{"line":98,"column":8},"end":{"line":98,"column":8}},{"start":{"line":98,"column":8},"end":{"line":98,"column":8}}]},"8":{"line":123,"type":"if","locations":[{"start":{"line":123,"column":20},"end":{"line":123,"column":20}},{"start":{"line":123,"column":20},"end":{"line":123,"column":20}}]},"9":{"line":132,"type":"if","locations":[{"start":{"line":132,"column":12},"end":{"line":132,"column":12}},{"start":{"line":132,"column":12},"end":{"line":132,"column":12}}]},"10":{"line":145,"type":"if","locations":[{"start":{"line":145,"column":20},"end":{"line":145,"column":20}},{"start":{"line":145,"column":20},"end":{"line":145,"column":20}}]},"11":{"line":150,"type":"if","locations":[{"start":{"line":150,"column":20},"end":{"line":150,"column":20}},{"start":{"line":150,"column":20},"end":{"line":150,"column":20}}]},"12":{"line":164,"type":"if","locations":[{"start":{"line":164,"column":8},"end":{"line":164,"column":8}},{"start":{"line":164,"column":8},"end":{"line":164,"column":8}}]},"13":{"line":190,"type":"if","locations":[{"start":{"line":190,"column":12},"end":{"line":190,"column":12}},{"start":{"line":190,"column":12},"end":{"line":190,"column":12}}]},"14":{"line":200,"type":"switch","locations":[{"start":{"line":202,"column":20},"end":{"line":203,"column":30}},{"start":{"line":205,"column":20},"end":{"line":207,"column":30}},{"start":{"line":209,"column":20},"end":{"line":219,"column":30}}]},"15":{"line":229,"type":"if","locations":[{"start":{"line":229,"column":16},"end":{"line":229,"column":16}},{"start":{"line":229,"column":16},"end":{"line":229,"column":16}}]},"16":{"line":235,"type":"cond-expr","locations":[{"start":{"line":235,"column":39},"end":{"line":235,"column":40}},{"start":{"line":235,"column":43},"end":{"line":235,"column":44}}]},"17":{"line":242,"type":"if","locations":[{"start":{"line":242,"column":24},"end":{"line":242,"column":24}},{"start":{"line":242,"column":24},"end":{"line":242,"column":24}}]},"18":{"line":252,"type":"if","locations":[{"start":{"line":252,"column":12},"end":{"line":252,"column":12}},{"start":{"line":252,"column":12},"end":{"line":252,"column":12}}]},"19":{"line":260,"type":"switch","locations":[{"start":{"line":262,"column":16},"end":{"line":269,"column":26}},{"start":{"line":271,"column":16},"end":{"line":277,"column":26}},{"start":{"line":279,"column":16},"end":{"line":284,"column":26}},{"start":{"line":286,"column":16},"end":{"line":320,"column":26}},{"start":{"line":322,"column":16},"end":{"line":324,"column":26}}]},"20":{"line":264,"type":"if","locations":[{"start":{"line":264,"column":20},"end":{"line":264,"column":20}},{"start":{"line":264,"column":20},"end":{"line":264,"column":20}}]},"21":{"line":264,"type":"binary-expr","locations":[{"start":{"line":264,"column":24},"end":{"line":264,"column":73}},{"start":{"line":265,"column":24},"end":{"line":265,"column":69}}]},"22":{"line":273,"type":"if","locations":[{"start":{"line":273,"column":20},"end":{"line":273,"column":20}},{"start":{"line":273,"column":20},"end":{"line":273,"column":20}}]},"23":{"line":280,"type":"if","locations":[{"start":{"line":280,"column":20},"end":{"line":280,"column":20}},{"start":{"line":280,"column":20},"end":{"line":280,"column":20}}]},"24":{"line":287,"type":"if","locations":[{"start":{"line":287,"column":20},"end":{"line":287,"column":20}},{"start":{"line":287,"column":20},"end":{"line":287,"column":20}}]},"25":{"line":298,"type":"if","locations":[{"start":{"line":298,"column":20},"end":{"line":298,"column":20}},{"start":{"line":298,"column":20},"end":{"line":298,"column":20}}]},"26":{"line":302,"type":"if","locations":[{"start":{"line":302,"column":24},"end":{"line":302,"column":24}},{"start":{"line":302,"column":24},"end":{"line":302,"column":24}}]},"27":{"line":308,"type":"cond-expr","locations":[{"start":{"line":308,"column":49},"end":{"line":308,"column":64}},{"start":{"line":308,"column":67},"end":{"line":308,"column":81}}]},"28":{"line":314,"type":"if","locations":[{"start":{"line":314,"column":20},"end":{"line":314,"column":20}},{"start":{"line":314,"column":20},"end":{"line":314,"column":20}}]},"29":{"line":314,"type":"binary-expr","locations":[{"start":{"line":314,"column":24},"end":{"line":314,"column":88}},{"start":{"line":315,"column":24},"end":{"line":315,"column":84}}]},"30":{"line":357,"type":"if","locations":[{"start":{"line":357,"column":8},"end":{"line":357,"column":8}},{"start":{"line":357,"column":8},"end":{"line":357,"column":8}}]},"31":{"line":361,"type":"if","locations":[{"start":{"line":361,"column":13},"end":{"line":361,"column":13}},{"start":{"line":361,"column":13},"end":{"line":361,"column":13}}]},"32":{"line":367,"type":"if","locations":[{"start":{"line":367,"column":4},"end":{"line":367,"column":4}},{"start":{"line":367,"column":4},"end":{"line":367,"column":4}}]},"33":{"line":367,"type":"binary-expr","locations":[{"start":{"line":367,"column":8},"end":{"line":367,"column":19}},{"start":{"line":367,"column":23},"end":{"line":367,"column":45}}]},"34":{"line":371,"type":"if","locations":[{"start":{"line":371,"column":12},"end":{"line":371,"column":12}},{"start":{"line":371,"column":12},"end":{"line":371,"column":12}}]},"35":{"line":397,"type":"if","locations":[{"start":{"line":397,"column":4},"end":{"line":397,"column":4}},{"start":{"line":397,"column":4},"end":{"line":397,"column":4}}]},"36":{"line":407,"type":"if","locations":[{"start":{"line":407,"column":8},"end":{"line":407,"column":8}},{"start":{"line":407,"column":8},"end":{"line":407,"column":8}}]},"37":{"line":411,"type":"if","locations":[{"start":{"line":411,"column":13},"end":{"line":411,"column":13}},{"start":{"line":411,"column":13},"end":{"line":411,"column":13}}]},"38":{"line":417,"type":"if","locations":[{"start":{"line":417,"column":4},"end":{"line":417,"column":4}},{"start":{"line":417,"column":4},"end":{"line":417,"column":4}}]},"39":{"line":423,"type":"if","locations":[{"start":{"line":423,"column":16},"end":{"line":423,"column":16}},{"start":{"line":423,"column":16},"end":{"line":423,"column":16}}]},"40":{"line":446,"type":"if","locations":[{"start":{"line":446,"column":9},"end":{"line":446,"column":9}},{"start":{"line":446,"column":9},"end":{"line":446,"column":9}}]},"41":{"line":450,"type":"if","locations":[{"start":{"line":450,"column":12},"end":{"line":450,"column":12}},{"start":{"line":450,"column":12},"end":{"line":450,"column":12}}]}}}}