TN:
SF:/home/david/mqlobber/index.js
FNF:0
FNH:0
DA:3,1
DA:4,1
LF:2
LH:2
BRF:0
BRH:0
end_of_record
TN:
SF:/home/david/mqlobber/lib/client.js
FN:217,MQlobberClient
FN:231,error
FN:237,warning
FN:247,(anonymous_4)
FN:262,handshake_sent
FN:273,(anonymous_6)
FN:278,(anonymous_7)
FN:283,(anonymous_8)
FN:288,(anonymous_9)
FN:293,(anonymous_10)
FN:300,end
FN:310,(anonymous_12)
FN:315,(anonymous_13)
FN:320,(anonymous_14)
FN:334,dend
FN:392,done
FN:478,(anonymous_17)
FN:482,done
FN:526,end
FN:536,(anonymous_20)
FN:576,(anonymous_21)
FN:587,done2
FN:608,(anonymous_23)
FN:628,(anonymous_24)
FN:675,end
FN:685,(anonymous_26)
FN:731,(anonymous_27)
FN:743,done
FN:781,end
FN:790,(anonymous_30)
FNF:30
FNH:30
FNDA:1906,MQlobberClient
FNDA:59,error
FNDA:12018,warning
FNDA:58354,(anonymous_4)
FNDA:520892,handshake_sent
FNDA:33,(anonymous_6)
FNDA:2,(anonymous_7)
FNDA:498762,(anonymous_8)
FNDA:1906,(anonymous_9)
FNDA:1906,(anonymous_10)
FNDA:2,end
FNDA:1906,(anonymous_12)
FNDA:440427,(anonymous_13)
FNDA:498786,(anonymous_14)
FNDA:440436,dend
FNDA:134236,done
FNDA:3614,(anonymous_17)
FNDA:3616,done
FNDA:2,end
FNDA:3600,(anonymous_20)
FNDA:1706,(anonymous_21)
FNDA:1708,done2
FNDA:272,(anonymous_23)
FNDA:1436,(anonymous_24)
FNDA:2,end
FNDA:534,(anonymous_26)
FNDA:58304,(anonymous_27)
FNDA:70274,done
FNDA:2,end
FNDA:52312,(anonymous_30)
DA:181,1
DA:217,1
DA:219,1906
DA:221,1906
DA:223,1906
DA:224,1906
DA:225,1906
DA:226,1906
DA:227,1906
DA:229,1906
DA:231,1
DA:234,59
DA:237,1
DA:240,12018
DA:242,9
DA:245,1906
DA:247,1906
DA:249,58354
DA:251,58360
DA:253,58354
DA:256,6
DA:260,1906
DA:262,1
DA:264,520892
DA:266,2
DA:270,1906
DA:271,1906
DA:273,1906
DA:275,33
DA:278,1906
DA:280,2
DA:283,1906
DA:285,498762
DA:288,1906
DA:290,1906
DA:293,1906
DA:295,1906
DA:298,1906
DA:300,1
DA:303,2
DA:306,1906
DA:307,1906
DA:308,1906
DA:310,1906
DA:312,1906
DA:315,1906
DA:317,440427
DA:320,1906
DA:322,498786
DA:324,1900
DA:325,1900
DA:328,496886
DA:331,56462
DA:334,1
DA:337,440436
DA:342,440424
DA:343,440424
DA:345,440424
DA:347,4
DA:350,440420
DA:355,440420
DA:356,440420
DA:358,440420
DA:360,440416
DA:362,440416
DA:364,2
DA:367,440414
DA:371,440418
DA:373,440416
DA:375,440416
DA:377,2
DA:380,440414
DA:384,440416
DA:386,440416
DA:387,440416
DA:389,16133
DA:392,1
DA:394,134236
DA:396,51488
DA:398,82748
DA:400,82748
DA:402,14
DA:405,82748
DA:407,16131
DA:408,16131
DA:409,16131
DA:412,82748
DA:415,440416
DA:417,440416
DA:419,3
DA:422,440413
DA:424,492023
DA:425,492023
DA:427,16131
DA:433,1
DA:478,1
DA:480,3614
DA:482,1
DA:484,3616
DA:486,3602
DA:488,3602
DA:490,3330
DA:491,3330
DA:494,3602
DA:495,3602
DA:498,3616
DA:500,3606
DA:501,3606
DA:502,3606
DA:504,10
DA:506,6
DA:510,3614
DA:512,2
DA:515,3612
DA:517,8
DA:520,3604
DA:526,1
DA:528,2
DA:531,3604
DA:532,3604
DA:533,3604
DA:534,3604
DA:536,3604
DA:538,3600
DA:540,3600
DA:542,2
DA:545,3598
DA:547,4
DA:550,3594
DA:576,1
DA:578,1706
DA:580,268
DA:581,268
DA:582,268
DA:585,1706
DA:587,1
DA:589,1708
DA:591,1696
DA:592,1696
DA:593,1696
DA:595,12
DA:597,8
DA:601,1706
DA:603,2
DA:606,1704
DA:608,270
DA:610,272
DA:612,266
DA:613,266
DA:616,272
DA:619,270
DA:621,2
DA:624,268
DA:628,1434
DA:630,1436
DA:632,1426
DA:634,1426
DA:636,272
DA:638,148
DA:642,124
DA:645,272
DA:647,262
DA:651,1426
DA:654,1436
DA:657,1434
DA:659,1434
DA:663,1164
DA:666,270
DA:670,538
DA:675,1
DA:677,2
DA:680,538
DA:681,538
DA:682,538
DA:683,538
DA:685,538
DA:687,534
DA:689,534
DA:691,2
DA:694,532
DA:696,6
DA:699,526
DA:731,1
DA:733,58304
DA:735,23626
DA:736,23626
DA:739,58304
DA:741,58304
DA:743,1
DA:745,70274
DA:747,50322
DA:748,50322
DA:749,50322
DA:751,19952
DA:753,11976
DA:757,58304
DA:759,2
DA:762,58302
DA:763,58302
DA:764,58302
DA:768,58302
DA:770,9114
DA:771,9114
DA:774,58302
DA:776,58302
DA:781,1
DA:783,2
DA:786,58300
DA:787,58300
DA:788,58300
DA:790,58300
DA:792,52312
DA:794,52312
DA:796,2
DA:799,52310
DA:801,10
DA:804,52300
DA:807,58300
DA:810,1
LF:219
LH:219
BRDA:221,1,0,1906
BRDA:221,1,1,1904
BRDA:240,2,0,9
BRDA:240,2,1,12009
BRDA:251,3,0,58354
BRDA:251,3,1,6
BRDA:264,4,0,2
BRDA:264,4,1,520890
BRDA:322,5,0,1900
BRDA:322,5,1,496886
BRDA:328,6,0,56462
BRDA:328,6,1,440424
BRDA:345,7,0,4
BRDA:345,7,1,440420
BRDA:358,8,0,440416
BRDA:358,8,1,4
BRDA:362,9,0,2
BRDA:362,9,1,440414
BRDA:371,10,0,440416
BRDA:371,10,1,2
BRDA:375,11,0,2
BRDA:375,11,1,440414
BRDA:387,12,0,16133
BRDA:387,12,1,424283
BRDA:394,13,0,51488
BRDA:394,13,1,82748
BRDA:400,14,0,14
BRDA:400,14,1,82734
BRDA:405,15,0,16131
BRDA:405,15,1,66617
BRDA:408,16,0,13
BRDA:408,16,1,16118
BRDA:417,17,0,3
BRDA:417,17,1,440413
BRDA:425,18,0,16131
BRDA:425,18,1,475892
BRDA:484,19,0,3602
BRDA:484,19,1,14
BRDA:488,20,0,3330
BRDA:488,20,1,272
BRDA:498,21,0,3606
BRDA:498,21,1,10
BRDA:504,22,0,6
BRDA:504,22,1,4
BRDA:510,23,0,2
BRDA:510,23,1,3612
BRDA:515,24,0,8
BRDA:515,24,1,3604
BRDA:540,25,0,2
BRDA:540,25,1,3598
BRDA:545,26,0,4
BRDA:545,26,1,3594
BRDA:550,27,0,6
BRDA:550,27,1,3588
BRDA:578,28,0,268
BRDA:578,28,1,1438
BRDA:589,29,0,1696
BRDA:589,29,1,12
BRDA:595,30,0,8
BRDA:595,30,1,4
BRDA:601,31,0,2
BRDA:601,31,1,1704
BRDA:606,32,0,270
BRDA:606,32,1,1434
BRDA:610,33,0,266
BRDA:610,33,1,6
BRDA:619,34,0,2
BRDA:619,34,1,268
BRDA:630,35,0,1426
BRDA:630,35,1,10
BRDA:634,36,0,272
BRDA:634,36,1,1154
BRDA:636,37,0,148
BRDA:636,37,1,124
BRDA:645,38,0,262
BRDA:645,38,1,10
BRDA:659,39,0,1164
BRDA:659,39,1,270
BRDA:659,40,0,1434
BRDA:659,40,1,280
BRDA:659,40,2,126
BRDA:659,40,3,118
BRDA:689,41,0,2
BRDA:689,41,1,532
BRDA:694,42,0,6
BRDA:694,42,1,526
BRDA:699,43,0,2
BRDA:699,43,1,524
BRDA:733,44,0,23626
BRDA:733,44,1,34678
BRDA:739,45,0,58304
BRDA:739,45,1,31600
BRDA:745,46,0,50322
BRDA:745,46,1,19952
BRDA:751,47,0,11976
BRDA:751,47,1,7976
BRDA:757,48,0,2
BRDA:757,48,1,58302
BRDA:764,49,0,17592
BRDA:764,49,1,40710
BRDA:765,50,0,9114
BRDA:765,50,1,49188
BRDA:768,51,0,9114
BRDA:768,51,1,49188
BRDA:794,52,0,2
BRDA:794,52,1,52310
BRDA:799,53,0,10
BRDA:799,53,1,52300
BRDA:804,54,0,2
BRDA:804,54,1,52298
BRF:110
BRH:110
end_of_record
TN:
SF:/home/david/mqlobber/lib/server.js
FN:44,MQlobberServer
FN:60,error
FN:66,warning
FN:78,handshake_sent
FN:89,(anonymous_5)
FN:94,(anonymous_6)
FN:99,(anonymous_7)
FN:104,(anonymous_8)
FN:110,(anonymous_9)
FN:137,(anonymous_10)
FN:141,cb
FN:200,multiplex
FN:207,(anonymous_13)
FN:214,(anonymous_14)
FN:229,(anonymous_15)
FN:236,(anonymous_16)
FN:276,end
FN:284,(anonymous_18)
FN:289,(anonymous_19)
FN:295,(anonymous_20)
FN:303,dend
FN:317,done
FN:328,(anonymous_23)
FN:453,(anonymous_24)
FN:463,cb2
FN:478,(anonymous_26)
FN:508,(anonymous_27)
FN:518,cb2
FN:534,(anonymous_29)
FN:537,(anonymous_30)
FN:551,(anonymous_31)
FN:565,(anonymous_32)
FNF:32
FNH:32
FNDA:1904,MQlobberServer
FNDA:4,error
FNDA:23351,warning
FNDA:548472,handshake_sent
FNDA:54,(anonymous_5)
FNDA:2,(anonymous_6)
FNDA:498770,(anonymous_7)
FNDA:1904,(anonymous_8)
FNDA:10209,(anonymous_9)
FNDA:440426,(anonymous_10)
FNDA:440455,cb
FNDA:440418,multiplex
FNDA:24,(anonymous_13)
FNDA:440418,(anonymous_14)
FNDA:2,(anonymous_15)
FNDA:16133,(anonymous_16)
FNDA:2,end
FNDA:63442,(anonymous_18)
FNDA:1902,(anonymous_19)
FNDA:501960,(anonymous_20)
FNDA:66630,dend
FNDA:61534,done
FNDA:19974,(anonymous_23)
FNDA:3620,(anonymous_24)
FNDA:3620,cb2
FNDA:3354,(anonymous_26)
FNDA:2444,(anonymous_27)
FNDA:2444,cb2
FNDA:3088,(anonymous_29)
FNDA:3088,(anonymous_30)
FNDA:5258,(anonymous_31)
FNDA:268,(anonymous_32)
DA:3,1
DA:44,1
DA:46,1904
DA:48,1904
DA:50,1904
DA:51,1904
DA:52,1904
DA:53,1904
DA:58,1904
DA:60,1
DA:63,4
DA:66,1
DA:69,23351
DA:71,89
DA:74,1904
DA:76,1904
DA:78,1
DA:80,548472
DA:82,2
DA:86,1904
DA:87,1904
DA:89,1904
DA:91,54
DA:94,1904
DA:96,2
DA:99,1904
DA:101,498770
DA:104,1904
DA:106,1904
DA:107,1904
DA:110,1904
DA:114,10209
DA:117,5113
DA:120,5094
DA:121,5094
DA:124,2
DA:125,2
DA:127,4
DA:129,2
DA:131,4
DA:133,2
DA:137,1904
DA:139,440426
DA:141,1
DA:143,440455
DA:145,440455
DA:147,440426
DA:148,440426
DA:151,440455
DA:153,8
DA:155,2
DA:157,6
DA:160,440447
DA:163,440426
DA:164,440426
DA:166,440426
DA:168,424291
DA:171,440426
DA:173,440426
DA:179,440426
DA:181,440424
DA:182,440424
DA:185,440424
DA:186,440424
DA:187,440424
DA:190,440426
DA:192,440424
DA:193,440424
DA:194,440424
DA:195,440424
DA:198,440426
DA:200,1
DA:202,440418
DA:207,440416
DA:209,24
DA:212,440416
DA:214,440416
DA:216,440418
DA:218,440420
DA:220,440418
DA:223,2
DA:227,440416
DA:229,16135
DA:231,2
DA:234,16135
DA:236,16135
DA:238,16133
DA:240,16133
DA:242,2
DA:245,16131
DA:247,13
DA:250,16118
DA:251,16118
DA:253,16118
DA:257,440416
DA:260,440426
DA:262,440405
DA:264,440405
DA:268,2
DA:273,1904
DA:274,1904
DA:276,1
DA:279,2
DA:282,1904
DA:284,1904
DA:286,63442
DA:289,1904
DA:291,1902
DA:293,1902
DA:295,1902
DA:297,501960
DA:300,440422
DA:303,1
DA:306,66630
DA:311,61538
DA:312,61538
DA:313,61538
DA:315,61538
DA:317,1
DA:319,61534
DA:321,5108
DA:324,61534
DA:325,61534
DA:326,61534
DA:328,61534
DA:330,19974
DA:332,27946
DA:334,19974
DA:337,7972
DA:342,61538
DA:344,4
DA:347,61534
DA:350,61534
DA:353,3602
DA:354,3602
DA:357,3586
DA:359,3602
DA:362,270
DA:363,270
DA:366,258
DA:368,270
DA:371,266
DA:373,262
DA:375,266
DA:378,57394
DA:380,2
DA:383,57392
DA:387,57392
DA:389,57392
DA:391,9116
DA:393,9116
DA:395,2
DA:398,9114
DA:403,57390
DA:405,57390
DA:408,49410
DA:411,57390
DA:414,2
DA:415,2
DA:419,1902
DA:423,1
DA:453,1
DA:455,3620
DA:457,3610
DA:458,3610
DA:461,3620
DA:463,1
DA:465,3620
DA:467,3616
DA:469,4
DA:471,2
DA:475,3620
DA:478,3354
DA:480,3354
DA:482,4
DA:485,3350
DA:486,3350
DA:491,266
DA:508,1
DA:510,2444
DA:512,268
DA:513,268
DA:516,2444
DA:518,1
DA:520,2444
DA:522,538
DA:524,1906
DA:526,2
DA:530,2444
DA:532,2174
DA:537,3088
DA:539,3088
DA:541,4
DA:544,3084
DA:545,3084
DA:547,3084
DA:553,5258
DA:555,3088
DA:557,2170
DA:560,2174
DA:562,270
DA:565,268
DA:567,268
DA:569,2
DA:572,266
DA:573,266
DA:578,2
DA:582,1
LF:208
LH:208
BRDA:48,1,0,1904
BRDA:48,1,1,2
BRDA:69,2,0,89
BRDA:69,2,1,23262
BRDA:80,3,0,2
BRDA:80,3,1,548470
BRDA:114,4,0,5113
BRDA:114,4,1,5094
BRDA:114,4,2,2
BRDA:143,5,0,52
BRDA:143,5,1,440403
BRDA:145,6,0,440426
BRDA:145,6,1,29
BRDA:151,7,0,8
BRDA:151,7,1,440447
BRDA:151,8,0,440455
BRDA:151,8,1,12
BRDA:153,9,0,2
BRDA:153,9,1,6
BRDA:166,10,0,424291
BRDA:166,10,1,16135
BRDA:173,11,0,16135
BRDA:173,11,1,424291
BRDA:174,12,0,440424
BRDA:174,12,1,2
BRDA:175,13,0,9
BRDA:175,13,1,440417
BRDA:176,14,0,440424
BRDA:176,14,1,2
BRDA:179,15,0,440424
BRDA:179,15,1,2
BRDA:190,16,0,440424
BRDA:190,16,1,2
BRDA:212,17,0,440416
BRDA:212,17,1,440416
BRDA:218,18,0,440418
BRDA:218,18,1,2
BRDA:227,19,0,16135
BRDA:227,19,1,424281
BRDA:240,20,0,2
BRDA:240,20,1,16131
BRDA:245,21,0,13
BRDA:245,21,1,16118
BRDA:260,22,0,440405
BRDA:260,22,1,21
BRDA:297,23,0,440422
BRDA:297,23,1,61538
BRDA:319,24,0,5108
BRDA:319,24,1,56426
BRDA:325,25,0,5108
BRDA:325,25,1,56426
BRDA:326,26,0,10
BRDA:326,26,1,61524
BRDA:332,27,0,19974
BRDA:332,27,1,7972
BRDA:342,28,0,4
BRDA:342,28,1,61534
BRDA:350,29,0,3602
BRDA:350,29,1,270
BRDA:350,29,2,266
BRDA:350,29,3,57394
BRDA:350,29,4,2
BRDA:354,30,0,3586
BRDA:354,30,1,16
BRDA:354,31,0,3602
BRDA:354,31,1,3600
BRDA:363,32,0,258
BRDA:363,32,1,12
BRDA:363,33,0,270
BRDA:363,33,1,268
BRDA:371,34,0,262
BRDA:371,34,1,4
BRDA:378,35,0,2
BRDA:378,35,1,57392
BRDA:389,36,0,9116
BRDA:389,36,1,48276
BRDA:393,37,0,2
BRDA:393,37,1,9114
BRDA:399,38,0,2
BRDA:399,38,1,9112
BRDA:405,39,0,49410
BRDA:405,39,1,7980
BRDA:405,40,0,57390
BRDA:405,40,1,57388
BRDA:455,41,0,3610
BRDA:455,41,1,10
BRDA:465,42,0,3616
BRDA:465,42,1,4
BRDA:469,43,0,2
BRDA:469,43,1,2
BRDA:475,44,0,3354
BRDA:475,44,1,266
BRDA:475,45,0,3620
BRDA:475,45,1,3620
BRDA:480,46,0,4
BRDA:480,46,1,3350
BRDA:510,47,0,268
BRDA:510,47,1,2176
BRDA:520,48,0,538
BRDA:520,48,1,1906
BRDA:524,49,0,2
BRDA:524,49,1,1904
BRDA:530,50,0,2174
BRDA:530,50,1,270
BRDA:539,51,0,4
BRDA:539,51,1,3084
BRDA:562,52,0,268
BRDA:562,52,1,2
BRDA:567,53,0,2
BRDA:567,53,1,266
BRF:110
BRH:110
end_of_record
