TN:
SF:/home/david/mqlobber/index.js
FNF:0
FNH:0
DA:3,1
DA:4,1
LF:2
LH:2
BRF:0
BRH:0
end_of_record
TN:
SF:/home/david/mqlobber/lib/client.js
FN:213,MQlobberClient
FN:226,error
FN:232,warning
FN:242,(anonymous_4)
FN:257,(anonymous_5)
FN:265,(anonymous_6)
FN:270,(anonymous_7)
FN:277,end
FN:287,(anonymous_9)
FN:337,done
FN:409,(anonymous_11)
FN:418,done
FN:457,end
FN:467,(anonymous_14)
FN:505,(anonymous_15)
FN:521,done2
FN:537,(anonymous_17)
FN:557,(anonymous_18)
FN:601,end
FN:611,(anonymous_20)
FN:655,(anonymous_21)
FN:689,end
FN:698,done
FN:712,(anonymous_24)
FNF:24
FNH:24
FNDA:1876,MQlobberClient
FNDA:2,error
FNDA:29,warning
FNDA:61334,(anonymous_4)
FNDA:501687,(anonymous_5)
FNDA:1876,(anonymous_6)
FNDA:1876,(anonymous_7)
FNDA:4,end
FNDA:495703,(anonymous_9)
FNDA:134231,done
FNDA:3588,(anonymous_11)
FNDA:3588,done
FNDA:2,end
FNDA:3576,(anonymous_14)
FNDA:1700,(anonymous_15)
FNDA:1700,done2
FNDA:270,(anonymous_17)
FNDA:1428,(anonymous_18)
FNDA:2,end
FNDA:530,(anonymous_20)
FNDA:55344,(anonymous_21)
FNDA:5986,end
FNDA:55344,done
FNDA:49356,(anonymous_24)
DA:181,1
DA:213,1
DA:215,1876
DA:217,1876
DA:219,1876
DA:220,1876
DA:221,1876
DA:222,1876
DA:224,1876
DA:226,1
DA:229,2
DA:232,1
DA:235,29
DA:237,2
DA:240,1876
DA:242,1876
DA:244,61334
DA:246,61340
DA:248,61334
DA:251,6
DA:255,1876
DA:257,1876
DA:259,501687
DA:261,2
DA:265,1876
DA:267,1876
DA:270,1876
DA:272,1876
DA:275,1876
DA:277,1
DA:279,4
DA:282,1876
DA:283,1876
DA:284,1876
DA:285,1876
DA:287,1876
DA:289,495703
DA:291,1872
DA:292,1872
DA:295,493831
DA:298,53472
DA:301,440359
DA:302,440359
DA:304,440359
DA:306,4
DA:309,440355
DA:314,440355
DA:316,440355
DA:318,440353
DA:320,440353
DA:322,2
DA:325,440351
DA:329,440353
DA:331,440353
DA:332,440353
DA:334,16129
DA:337,1
DA:339,134231
DA:341,51488
DA:343,82743
DA:345,82743
DA:347,9
DA:350,82743
DA:352,16127
DA:353,16127
DA:354,16127
DA:358,440353
DA:360,491957
DA:361,491957
DA:363,16129
DA:369,1
DA:409,1
DA:411,3588
DA:413,3588
DA:415,2
DA:418,1
DA:420,3588
DA:422,3578
DA:424,3578
DA:426,3306
DA:427,3306
DA:430,3578
DA:431,3578
DA:434,3588
DA:436,3582
DA:437,3582
DA:438,3582
DA:440,6
DA:442,2
DA:446,3586
DA:448,8
DA:451,3578
DA:457,1
DA:459,2
DA:462,3578
DA:463,3578
DA:464,3578
DA:465,3578
DA:467,3578
DA:469,3576
DA:471,3576
DA:473,2
DA:476,3574
DA:478,4
DA:481,3570
DA:505,1
DA:507,1700
DA:509,268
DA:510,268
DA:511,268
DA:514,1700
DA:516,1700
DA:518,2
DA:521,1
DA:523,1700
DA:525,1692
DA:526,1692
DA:527,1692
DA:529,8
DA:531,4
DA:535,1698
DA:537,270
DA:539,270
DA:541,266
DA:542,266
DA:545,270
DA:548,270
DA:550,2
DA:553,268
DA:557,1428
DA:559,1428
DA:561,1422
DA:563,1422
DA:565,268
DA:567,144
DA:571,124
DA:574,268
DA:576,258
DA:580,1422
DA:583,1428
DA:586,1428
DA:588,1428
DA:592,1164
DA:595,264
DA:599,532
DA:601,1
DA:603,2
DA:606,532
DA:607,532
DA:608,532
DA:609,532
DA:611,532
DA:613,530
DA:615,530
DA:617,2
DA:620,528
DA:622,6
DA:625,522
DA:655,1
DA:657,55344
DA:659,23592
DA:660,23592
DA:663,55344
DA:665,2
DA:668,55342
DA:670,55342
DA:672,55342
DA:674,55342
DA:678,55342
DA:680,9114
DA:681,9114
DA:684,55342
DA:686,55342
DA:689,1
DA:691,5986
DA:694,55342
DA:695,55342
DA:696,55342
DA:698,1
DA:700,55344
DA:702,50292
DA:703,50292
DA:704,50292
DA:706,5052
DA:708,2
DA:712,55342
DA:714,49356
DA:716,49356
DA:718,2
DA:721,49354
DA:723,10
DA:726,49344
DA:729,55342
DA:732,1
LF:194
LH:194
BRDA:217,1,0,1876
BRDA:217,1,1,1876
BRDA:235,2,0,2
BRDA:235,2,1,27
BRDA:246,3,0,61334
BRDA:246,3,1,6
BRDA:259,4,0,2
BRDA:259,4,1,501685
BRDA:289,5,0,1872
BRDA:289,5,1,493831
BRDA:295,6,0,53472
BRDA:295,6,1,440359
BRDA:304,7,0,4
BRDA:304,7,1,440355
BRDA:316,8,0,440353
BRDA:316,8,1,2
BRDA:320,9,0,2
BRDA:320,9,1,440351
BRDA:332,10,0,16129
BRDA:332,10,1,424224
BRDA:339,11,0,51488
BRDA:339,11,1,82743
BRDA:345,12,0,9
BRDA:345,12,1,82734
BRDA:350,13,0,16127
BRDA:350,13,1,66616
BRDA:353,14,0,9
BRDA:353,14,1,16118
BRDA:361,15,0,16129
BRDA:361,15,1,475828
BRDA:413,16,0,2
BRDA:413,16,1,3586
BRDA:420,17,0,3578
BRDA:420,17,1,10
BRDA:424,18,0,3306
BRDA:424,18,1,272
BRDA:434,19,0,3582
BRDA:434,19,1,6
BRDA:440,20,0,2
BRDA:440,20,1,4
BRDA:446,21,0,8
BRDA:446,21,1,3578
BRDA:471,22,0,2
BRDA:471,22,1,3574
BRDA:476,23,0,4
BRDA:476,23,1,3570
BRDA:507,24,0,268
BRDA:507,24,1,1432
BRDA:516,25,0,2
BRDA:516,25,1,1698
BRDA:523,26,0,1692
BRDA:523,26,1,8
BRDA:529,27,0,4
BRDA:529,27,1,4
BRDA:535,28,0,270
BRDA:535,28,1,1428
BRDA:539,29,0,266
BRDA:539,29,1,4
BRDA:548,30,0,2
BRDA:548,30,1,268
BRDA:559,31,0,1422
BRDA:559,31,1,6
BRDA:563,32,0,268
BRDA:563,32,1,1154
BRDA:565,33,0,144
BRDA:565,33,1,124
BRDA:574,34,0,258
BRDA:574,34,1,10
BRDA:588,35,0,1164
BRDA:588,35,1,264
BRDA:588,36,0,1428
BRDA:588,36,1,274
BRDA:588,36,2,124
BRDA:588,36,3,116
BRDA:615,37,0,2
BRDA:615,37,1,528
BRDA:620,38,0,6
BRDA:620,38,1,522
BRDA:657,39,0,23592
BRDA:657,39,1,31752
BRDA:663,40,0,2
BRDA:663,40,1,55342
BRDA:668,41,0,55342
BRDA:668,41,1,28638
BRDA:674,42,0,17592
BRDA:674,42,1,37750
BRDA:675,43,0,9114
BRDA:675,43,1,46228
BRDA:678,44,0,9114
BRDA:678,44,1,46228
BRDA:700,45,0,50292
BRDA:700,45,1,5052
BRDA:706,46,0,2
BRDA:706,46,1,5050
BRDA:716,47,0,2
BRDA:716,47,1,49354
BRDA:721,48,0,10
BRDA:721,48,1,49344
BRF:98
BRH:98
end_of_record
TN:
SF:/home/david/mqlobber/lib/server.js
FN:35,MQlobberServer
FN:51,error
FN:57,warning
FN:69,(anonymous_4)
FN:77,(anonymous_5)
FN:83,(anonymous_6)
FN:110,multiplex
FN:119,(anonymous_8)
FN:134,(anonymous_9)
FN:141,(anonymous_10)
FN:173,end
FN:181,(anonymous_12)
FN:188,(anonymous_13)
FN:196,(anonymous_14)
FN:227,done
FN:238,(anonymous_16)
FN:351,(anonymous_17)
FN:355,cb2
FN:369,(anonymous_19)
FN:395,(anonymous_20)
FN:405,cb2
FN:419,(anonymous_22)
FN:421,(anonymous_23)
FN:435,(anonymous_24)
FN:448,(anonymous_25)
FNF:25
FNH:25
FNDA:1874,MQlobberServer
FNDA:4,error
FNDA:5105,warning
FNDA:495703,(anonymous_4)
FNDA:1874,(anonymous_5)
FNDA:440359,(anonymous_6)
FNDA:440353,multiplex
FNDA:440355,(anonymous_8)
FNDA:2,(anonymous_9)
FNDA:16129,(anonymous_10)
FNDA:2,end
FNDA:1872,(anonymous_12)
FNDA:499815,(anonymous_13)
FNDA:6,(anonymous_14)
FNDA:59454,done
FNDA:14100,(anonymous_16)
FNDA:3584,(anonymous_17)
FNDA:3584,cb2
FNDA:3320,(anonymous_19)
FNDA:2404,(anonymous_20)
FNDA:2404,cb2
FNDA:3062,(anonymous_22)
FNDA:3062,(anonymous_23)
FNDA:5200,(anonymous_24)
FNDA:260,(anonymous_25)
DA:3,1
DA:35,1
DA:37,1874
DA:39,1874
DA:41,1874
DA:42,1874
DA:43,1874
DA:44,1874
DA:49,1874
DA:51,1
DA:54,4
DA:57,1
DA:60,5105
DA:62,36
DA:65,1874
DA:67,1874
DA:69,1874
DA:71,495703
DA:73,2
DA:77,1874
DA:79,1874
DA:80,1874
DA:83,1874
DA:85,440359
DA:87,440359
DA:89,424228
DA:92,440359
DA:94,440359
DA:98,440359
DA:100,440357
DA:101,440357
DA:104,440357
DA:105,440357
DA:108,440359
DA:110,1
DA:112,440353
DA:117,440353
DA:119,440353
DA:121,440355
DA:123,440357
DA:125,440355
DA:128,2
DA:132,440353
DA:134,16131
DA:136,2
DA:139,16131
DA:141,16131
DA:143,16129
DA:145,16129
DA:147,2
DA:150,16127
DA:152,9
DA:155,16118
DA:157,16118
DA:161,440353
DA:164,440359
DA:166,440342
DA:170,1874
DA:171,1874
DA:173,1
DA:176,2
DA:179,1874
DA:181,1874
DA:183,1872
DA:185,1872
DA:186,1872
DA:188,1872
DA:190,499815
DA:193,440357
DA:196,59458
DA:198,6
DA:200,6
DA:203,2
DA:206,2
DA:207,2
DA:210,2
DA:211,2
DA:213,4
DA:215,2
DA:217,4
DA:219,2
DA:223,59458
DA:225,59458
DA:227,1
DA:229,59454
DA:231,32
DA:234,59454
DA:235,59454
DA:236,59454
DA:238,59454
DA:240,14100
DA:242,19146
DA:244,14100
DA:247,5046
DA:252,59458
DA:254,4
DA:257,59454
DA:260,59454
DA:263,3576
DA:264,3576
DA:267,3566
DA:269,3576
DA:272,264
DA:273,264
DA:275,256
DA:277,264
DA:280,266
DA:282,262
DA:284,266
DA:287,55346
DA:289,2
DA:292,55344
DA:296,55344
DA:298,55344
DA:300,9116
DA:302,9116
DA:304,2
DA:307,9114
DA:312,55342
DA:314,55342
DA:317,50290
DA:320,55342
DA:323,2
DA:324,2
DA:328,1872
DA:332,1
DA:351,1
DA:353,3584
DA:355,1
DA:357,3584
DA:359,3580
DA:361,4
DA:363,2
DA:367,3584
DA:369,3320
DA:371,3320
DA:373,3316
DA:375,3320
DA:380,264
DA:395,1
DA:397,2404
DA:399,266
DA:400,266
DA:403,2404
DA:405,1
DA:407,2404
DA:409,528
DA:411,1876
DA:413,2
DA:417,2404
DA:419,2142
DA:421,3062
DA:423,3062
DA:425,4
DA:429,3058
DA:430,3058
DA:437,5200
DA:439,3062
DA:441,2138
DA:444,2142
DA:446,262
DA:448,260
DA:450,260
DA:452,258
DA:454,260
DA:459,2
DA:463,1
LF:167
LH:167
BRDA:39,1,0,1874
BRDA:39,1,1,2
BRDA:60,2,0,36
BRDA:60,2,1,5069
BRDA:71,3,0,2
BRDA:71,3,1,495701
BRDA:87,4,0,424228
BRDA:87,4,1,16131
BRDA:94,5,0,16131
BRDA:94,5,1,424228
BRDA:95,6,0,440357
BRDA:95,6,1,2
BRDA:98,7,0,440357
BRDA:98,7,1,2
BRDA:123,8,0,440355
BRDA:123,8,1,2
BRDA:132,9,0,16131
BRDA:132,9,1,424222
BRDA:145,10,0,2
BRDA:145,10,1,16127
BRDA:150,11,0,9
BRDA:150,11,1,16118
BRDA:164,12,0,440342
BRDA:164,12,1,17
BRDA:190,13,0,440357
BRDA:190,13,1,59458
BRDA:200,14,0,2
BRDA:200,14,1,2
BRDA:200,14,2,2
BRDA:229,15,0,32
BRDA:229,15,1,59422
BRDA:235,16,0,32
BRDA:235,16,1,59422
BRDA:242,17,0,14100
BRDA:242,17,1,5046
BRDA:252,18,0,4
BRDA:252,18,1,59454
BRDA:260,19,0,3576
BRDA:260,19,1,264
BRDA:260,19,2,266
BRDA:260,19,3,55346
BRDA:260,19,4,2
BRDA:264,20,0,3566
BRDA:264,20,1,10
BRDA:264,21,0,3576
BRDA:264,21,1,3574
BRDA:273,22,0,256
BRDA:273,22,1,8
BRDA:280,23,0,262
BRDA:280,23,1,4
BRDA:287,24,0,2
BRDA:287,24,1,55344
BRDA:298,25,0,9116
BRDA:298,25,1,46228
BRDA:302,26,0,2
BRDA:302,26,1,9114
BRDA:308,27,0,2
BRDA:308,27,1,9112
BRDA:314,28,0,50290
BRDA:314,28,1,5052
BRDA:314,29,0,55342
BRDA:314,29,1,55340
BRDA:357,30,0,3580
BRDA:357,30,1,4
BRDA:361,31,0,2
BRDA:361,31,1,2
BRDA:367,32,0,3320
BRDA:367,32,1,264
BRDA:367,33,0,3584
BRDA:367,33,1,3584
BRDA:371,34,0,3316
BRDA:371,34,1,4
BRDA:397,35,0,266
BRDA:397,35,1,2138
BRDA:407,36,0,528
BRDA:407,36,1,1876
BRDA:411,37,0,2
BRDA:411,37,1,1874
BRDA:417,38,0,2142
BRDA:417,38,1,262
BRDA:423,39,0,4
BRDA:423,39,1,3058
BRDA:446,40,0,260
BRDA:446,40,1,2
BRDA:450,41,0,258
BRDA:450,41,1,2
BRF:86
BRH:86
end_of_record
